2021-03-22 10:28:12,989 [main] JP.co.esm.caddies.jomt.Jude <INFO> - #### === Community 7.0.0 / 846701 ==============================
2021-03-22 10:28:13,121 [main] JP.co.esm.caddies.jomt.Jude <INFO> - start program args []
2021-03-22 10:28:14,367 [main] JP.co.esm.caddies.jomt.Jude <INFO> - start vm args [-Xms16m, -Xmx512m, -Dsun.java2d.d3d=false]
2021-03-22 10:28:14,383 [main] JP.co.esm.caddies.jomt.jsystem.k <INFO> - jude property file not found. It is created at the time of the end of application.
2021-03-22 10:28:45,321 [main] JP.co.esm.caddies.jomt.Jude <INFO> - #### === Community 7.0.0 / 846701 ==============================
2021-03-22 10:28:45,345 [main] JP.co.esm.caddies.jomt.Jude <INFO> - start program args []
2021-03-22 10:28:45,372 [main] JP.co.esm.caddies.jomt.Jude <INFO> - start vm args [-Xms16m, -Xmx512m, -Dsun.java2d.d3d=false]
2021-03-22 10:28:45,401 [main] JP.co.esm.caddies.jomt.jsystem.k <INFO> - jude property file not found. It is created at the time of the end of application.
2021-03-22 10:29:01,811 [main] JP.co.esm.caddies.jomt.Jude <INFO> - #### === Community 7.0.0 / 846701 ==============================
2021-03-22 10:29:01,941 [main] JP.co.esm.caddies.jomt.Jude <INFO> - start program args []
2021-03-22 10:29:01,956 [main] JP.co.esm.caddies.jomt.Jude <INFO> - start vm args [-Xms16m, -Xmx512m, -Dsun.java2d.d3d=false]
2021-03-22 10:29:01,984 [main] JP.co.esm.caddies.jomt.jsystem.k <INFO> - jude property file not found. It is created at the time of the end of application.
2021-03-22 10:29:46,675 [AWT-EventQueue-0] JP.co.esm.caddies.jomt.jview.swing.f <INFO> - maybe initial value of system property.
2021-03-22 10:29:57,188 [Thread-5] JP.co.esm.caddies.jomt.jutil.U <INFO> - This is the latest version of Astah.
2021-03-22 10:30:03,883 [AWT-EventQueue-0] JP.co.esm.caddies.jomt.jview.swing.f <INFO> - maybe initial value of system property.
2021-03-22 10:30:05,197 [AWT-EventQueue-0] JP.co.esm.caddies.jomt.jview.swing.f <INFO> - maybe initial value of system property.
2021-03-22 10:30:24,580 [AWT-EventQueue-0] JP.co.esm.caddies.jomt.jutil.l <INFO> - stack=5m
2021-03-22 10:30:38,378 [AWT-EventQueue-0] JP.co.esm.caddies.jomt.jsystem.k <INFO> - file: C:\Users\ACER\.astah\community\Jude.properties
2021-03-22 10:30:38,430 [AWT-EventQueue-0] JP.co.esm.caddies.jomt.jutil.l <INFO> - stack=5m
2021-03-22 10:30:43,623 [AWT-EventQueue-0] JP.co.esm.caddies.jomt.jsystem.k <INFO> - file: C:\Users\ACER\.astah\community\Jude.properties
2021-03-22 10:30:43,647 [AWT-EventQueue-0] JP.co.esm.caddies.jomt.jutil.l <INFO> - stack=5m
2021-03-22 23:29:14,139 [AWT-EventQueue-0] JP.co.esm.caddies.jomt.jsystem.k <INFO> - file: C:\Users\ACER\.astah\community\Jude.properties
2021-04-26 10:07:01,612 [main] JP.co.esm.caddies.jomt.Jude <INFO> - #### === Community 7.0.0 / 846701 ==============================
2021-04-26 10:07:01,659 [main] JP.co.esm.caddies.jomt.Jude <INFO> - start program args []
2021-04-26 10:07:01,737 [main] JP.co.esm.caddies.jomt.Jude <INFO> - start vm args [-Xms16m, -Xmx512m, -Dsun.java2d.d3d=false]
2021-04-26 10:07:20,077 [AWT-EventQueue-0] JP.co.esm.caddies.jomt.jview.swing.f <INFO> - invalid value. x is oversize. displayRightEnd:1600.0 rightEnd:1605
2021-04-26 10:07:29,984 [Thread-5] JP.co.esm.caddies.jomt.jutil.U <INFO> - This is the latest version of Astah.
2021-04-26 10:07:58,197 [AWT-EventQueue-0] JP.co.esm.caddies.jomt.jutil.l <INFO> - stack=5m
2021-04-26 10:08:17,236 [AWT-EventQueue-0] JP.co.esm.caddies.jomt.jsystem.k <INFO> - file: C:\Users\ACER\.astah\community\Jude.properties
2021-04-26 10:51:52,814 [main] JP.co.esm.caddies.jomt.Jude <INFO> - #### === Community 7.0.0 / 846701 ==============================
2021-04-26 10:51:52,889 [main] JP.co.esm.caddies.jomt.Jude <INFO> - start program args []
2021-04-26 10:51:52,997 [main] JP.co.esm.caddies.jomt.Jude <INFO> - start vm args [-Xms16m, -Xmx512m, -Dsun.java2d.d3d=false]
2021-04-26 10:52:16,515 [Thread-5] JP.co.esm.caddies.jomt.jutil.U <INFO> - This is the latest version of Astah.
2021-04-26 10:52:22,920 [AWT-EventQueue-0] JP.co.esm.caddies.jomt.jsystem.k <INFO> - file: C:\Users\ACER\.astah\community\Jude.properties
2021-04-26 10:52:22,937 [AWT-EventQueue-0] JP.co.esm.caddies.jomt.jutil.l <INFO> - stack=5m
2021-05-10 15:10:39,266 [main] JP.co.esm.caddies.jomt.Jude <INFO> - #### === Community 7.0.0 / 846701 ==============================
2021-05-10 15:10:39,408 [main] JP.co.esm.caddies.jomt.Jude <INFO> - start program args []
2021-05-10 15:10:39,490 [main] JP.co.esm.caddies.jomt.Jude <INFO> - start vm args [-Xms16m, -Xmx512m, -Dsun.java2d.d3d=false]
2021-05-10 15:10:54,511 [AWT-EventQueue-0] JP.co.esm.caddies.jomt.jview.swing.f <INFO> - invalid value. y is oversize. displayBottomEnd:860.0 bottomEndY:890
2021-05-10 15:11:03,795 [Thread-5] JP.co.esm.caddies.jomt.jutil.U <INFO> - This is the latest version of Astah.
2021-05-10 15:39:21,794 [AWT-EventQueue-0] JP.co.esm.caddies.jomt.jutil.l <INFO> - stack=5m
2021-05-10 15:41:47,324 [AWT-EventQueue-0] JP.co.esm.caddies.jomt.jsystem.k <INFO> - file: C:\Users\ACER\.astah\community\Jude.properties
2021-05-10 15:42:02,497 [main] JP.co.esm.caddies.jomt.Jude <INFO> - #### === Community 7.0.0 / 846701 ==============================
2021-05-10 15:42:02,513 [main] JP.co.esm.caddies.jomt.Jude <INFO> - start program args []
2021-05-10 15:42:02,606 [main] JP.co.esm.caddies.jomt.Jude <INFO> - start vm args [-Xms16m, -Xmx512m, -Dsun.java2d.d3d=false]
2021-05-10 15:42:19,588 [Thread-5] JP.co.esm.caddies.jomt.jutil.U <INFO> - This is the latest version of Astah.
2021-05-10 15:43:25,285 [AWT-EventQueue-0] JP.co.esm.caddies.jomt.jutil.l <INFO> - stack=5m
2021-05-10 15:46:22,835 [AWT-EventQueue-0] JP.co.esm.caddies.golf.model.EntityStore <INFO> - saveAs: D:\Diagramas de engenharia\Diagramas.asta
2021-05-10 16:02:06,283 [AWT-EventQueue-0] JP.co.esm.caddies.golf.model.EntityStore <INFO> - saveAs: D:\Diagramas de engenharia\Diagramas.asta
2021-05-10 16:06:07,372 [AWT-EventQueue-0] JP.co.esm.caddies.golf.model.EntityStore <INFO> - saveAs: D:\Diagramas de engenharia\Diagramas.asta
2021-05-10 16:16:45,695 [AWT-EventQueue-0] JP.co.esm.caddies.golf.model.EntityStore <INFO> - saveAs: D:\Diagramas de engenharia\Diagramas.asta
2021-05-10 16:29:17,229 [AWT-EventQueue-0] JP.co.esm.caddies.golf.model.EntityStore <INFO> - saveAs: D:\Diagramas de engenharia\Diagramas.asta
2021-05-10 16:46:19,874 [AWT-EventQueue-0] JP.co.esm.caddies.golf.model.EntityStore <INFO> - saveAs: D:\Diagramas de engenharia\Diagramas.asta
2021-05-10 17:02:37,901 [AWT-EventQueue-0] JP.co.esm.caddies.jomt.jsystem.k <INFO> - file: C:\Users\ACER\.astah\community\Jude.properties
2021-05-10 17:02:38,040 [AWT-EventQueue-0] JP.co.esm.caddies.jomt.jutil.JomtUtilities2 <INFO> - file: C:\Users\ACER\.astah\community\astah_command.log
2021-05-10 19:56:38,936 [main] JP.co.esm.caddies.jomt.Jude <INFO> - #### === Community 7.0.0 / 846701 ==============================
2021-05-10 19:56:38,979 [main] JP.co.esm.caddies.jomt.Jude <INFO> - start program args [D:\Diagramas de engenharia\Diagramas.asta]
2021-05-10 19:56:39,076 [main] JP.co.esm.caddies.jomt.Jude <INFO> - start vm args [-Xms16m, -Xmx512m, -Dsun.java2d.d3d=false]
2021-05-10 19:56:54,604 [AWT-EventQueue-0] JP.co.esm.caddies.jomt.jview.swing.f <INFO> - invalid value. y is oversize. displayBottomEnd:860.0 bottomEndY:1059
2021-05-10 19:56:57,801 [AWT-EventQueue-0] JP.co.esm.caddies.jomt.jutil.l <INFO> - stack=5m
2021-05-10 19:57:05,845 [Thread-5] JP.co.esm.caddies.jomt.jutil.U <INFO> - This is the latest version of Astah.
2021-05-10 21:16:15,026 [AWT-EventQueue-0] JP.co.esm.caddies.golf.model.EntityStore <INFO> - saveAs: D:\Diagramas de engenharia\Diagramas.asta
2021-05-10 21:19:27,434 [AWT-EventQueue-0] JP.co.esm.caddies.golf.model.EntityStore <INFO> - saveAs: D:\Diagramas de engenharia\Diagramas.asta
2021-05-10 22:00:15,001 [AWT-EventQueue-0] JP.co.esm.caddies.golf.model.EntityStore <INFO> - saveAs: D:\Diagramas de engenharia\Diagramas.asta
2021-05-10 22:27:49,343 [AWT-EventQueue-0] JP.co.esm.caddies.golf.model.EntityStore <INFO> - saveAs: D:\Diagramas de engenharia\Diagramas.asta
2021-05-10 22:35:26,555 [AWT-EventQueue-0] JP.co.esm.caddies.golf.model.EntityStore <INFO> - saveAs: D:\Diagramas de engenharia\Diagramas.asta
2021-05-10 22:38:19,642 [AWT-EventQueue-0] JP.co.esm.caddies.golf.model.EntityStore <INFO> - saveAs: D:\Diagramas de engenharia\Diagramas.asta
2021-05-10 22:41:59,214 [AWT-EventQueue-0] JP.co.esm.caddies.golf.model.EntityStore <INFO> - saveAs: D:\Diagramas de engenharia\Diagramas.asta
2021-05-10 22:53:50,259 [AWT-EventQueue-0] JP.co.esm.caddies.jomt.jsystem.k <INFO> - file: C:\Users\ACER\.astah\community\Jude.properties
2021-05-10 22:53:50,459 [AWT-EventQueue-0] JP.co.esm.caddies.jomt.jutil.JomtUtilities2 <INFO> - file: C:\Users\ACER\.astah\community\astah_command.log
2021-05-10 23:06:35,666 [main] JP.co.esm.caddies.jomt.Jude <INFO> - #### === Community 7.0.0 / 846701 ==============================
2021-05-10 23:06:35,697 [main] JP.co.esm.caddies.jomt.Jude <INFO> - start program args [D:\Diagramas de engenharia\Diagramas.asta]
2021-05-10 23:06:35,791 [main] JP.co.esm.caddies.jomt.Jude <INFO> - start vm args [-Xms16m, -Xmx512m, -Dsun.java2d.d3d=false]
2021-05-10 23:06:53,989 [AWT-EventQueue-0] JP.co.esm.caddies.jomt.jview.swing.f <INFO> - invalid value. y is oversize. displayBottomEnd:860.0 bottomEndY:880
2021-05-10 23:06:55,544 [AWT-EventQueue-0] JP.co.esm.caddies.jomt.jutil.l <INFO> - stack=5m
2021-05-10 23:07:02,619 [Thread-5] JP.co.esm.caddies.jomt.jutil.U <INFO> - This is the latest version of Astah.
2021-05-10 23:22:58,631 [AWT-EventQueue-0] JP.co.esm.caddies.golf.model.EntityStore <INFO> - saveAs: D:\Diagramas de engenharia\Diagramas.asta
2021-05-10 23:29:13,911 [AWT-EventQueue-0] JP.co.esm.caddies.golf.model.EntityStore <INFO> - saveAs: D:\Diagramas de engenharia\Diagramas.asta
2021-05-10 23:29:51,288 [AWT-EventQueue-0] JP.co.esm.caddies.golf.model.EntityStore <INFO> - saveAs: D:\Diagramas de engenharia\Diagramas.asta
2021-05-10 23:30:00,578 [AWT-EventQueue-0] JP.co.esm.caddies.golf.model.EntityStore <INFO> - saveAs: D:\Diagramas de engenharia\Diagramas.asta
2021-05-10 23:30:05,642 [AWT-EventQueue-0] JP.co.esm.caddies.jomt.jsystem.k <INFO> - file: C:\Users\ACER\.astah\community\Jude.properties
2021-05-10 23:30:05,666 [AWT-EventQueue-0] JP.co.esm.caddies.jomt.jutil.JomtUtilities2 <INFO> - file: C:\Users\ACER\.astah\community\astah_command.log
2021-05-11 10:52:01,783 [main] JP.co.esm.caddies.jomt.Jude <INFO> - #### === Community 7.0.0 / 846701 ==============================
2021-05-11 10:52:01,803 [main] JP.co.esm.caddies.jomt.Jude <INFO> - start program args [D:\Diagramas de engenharia\Diagramas de classe- Willian e Julia Cacciatori-Info2.asta]
2021-05-11 10:52:01,811 [main] JP.co.esm.caddies.jomt.Jude <INFO> - start vm args [-Xms16m, -Xmx512m, -Dsun.java2d.d3d=false]
2021-05-11 10:52:17,865 [AWT-EventQueue-0] JP.co.esm.caddies.jomt.jutil.l <INFO> - stack=5m
2021-05-11 10:52:23,626 [Thread-5] JP.co.esm.caddies.jomt.jutil.U <INFO> - This is the latest version of Astah.
2021-05-11 10:53:20,354 [AWT-EventQueue-0] JP.co.esm.caddies.jomt.jsystem.k <INFO> - file: C:\Users\ACER\.astah\community\Jude.properties
2021-05-11 10:53:20,374 [AWT-EventQueue-0] JP.co.esm.caddies.jomt.jutil.JomtUtilities2 <INFO> - file: C:\Users\ACER\.astah\community\astah_command.log
2021-05-16 15:36:52,216 [main] JP.co.esm.caddies.jomt.Jude <INFO> - #### === Community 7.0.0 / 846701 ==============================
2021-05-16 15:36:52,256 [main] JP.co.esm.caddies.jomt.Jude <INFO> - start program args [D:\Diagramas de engenharia\Diagramas de classe- Willian e Julia Cacciatori-Info2.asta]
2021-05-16 15:36:52,369 [main] JP.co.esm.caddies.jomt.Jude <INFO> - start vm args [-Xms16m, -Xmx512m, -Dsun.java2d.d3d=false]
2021-05-16 15:37:10,425 [AWT-EventQueue-0] JP.co.esm.caddies.jomt.jutil.l <INFO> - stack=5m
2021-05-16 15:37:15,700 [Thread-5] JP.co.esm.caddies.jomt.jutil.U <INFO> - This is the latest version of Astah.
2021-05-16 16:29:20,331 [AWT-EventQueue-0] JP.co.esm.caddies.jomt.jsystem.k <INFO> - file: C:\Users\ACER\.astah\community\Jude.properties
2021-05-16 16:29:20,372 [AWT-EventQueue-0] JP.co.esm.caddies.jomt.jutil.JomtUtilities2 <INFO> - file: C:\Users\ACER\.astah\community\astah_command.log
2021-05-16 18:19:52,555 [main] JP.co.esm.caddies.jomt.Jude <INFO> - #### === Community 7.0.0 / 846701 ==============================
2021-05-16 18:19:52,591 [main] JP.co.esm.caddies.jomt.Jude <INFO> - start program args [C:\Users\ACER\Desktop\emanuele_freitas.asta]
2021-05-16 18:19:52,598 [main] JP.co.esm.caddies.jomt.Jude <INFO> - start vm args [-Xms16m, -Xmx512m, -Dsun.java2d.d3d=false]
2021-05-16 18:20:18,754 [AWT-EventQueue-0] JP.co.esm.caddies.jomt.jview.swing.f <INFO> - invalid value. x is negative. x:-8, displayOriginX:0.0
2021-05-16 18:20:18,756 [AWT-EventQueue-0] JP.co.esm.caddies.jomt.jview.swing.f <INFO> - invalid value. y is negative. y:-8, displayOriginY:0.0
2021-05-16 18:20:22,471 [AWT-EventQueue-0] JP.co.esm.caddies.jomt.jutil.l <INFO> - stack=5m
2021-05-16 18:20:33,398 [Thread-5] JP.co.esm.caddies.jomt.jutil.U <INFO> - This is the latest version of Astah.
2021-05-16 18:21:08,531 [AWT-EventQueue-0] JP.co.esm.caddies.jomt.jsystem.k <INFO> - file: C:\Users\ACER\.astah\community\Jude.properties
2021-05-16 18:21:08,566 [AWT-EventQueue-0] JP.co.esm.caddies.jomt.jutil.JomtUtilities2 <INFO> - file: C:\Users\ACER\.astah\community\astah_command.log
2021-05-17 09:46:01,101 [main] JP.co.esm.caddies.jomt.Jude <INFO> - #### === Community 7.0.0 / 846701 ==============================
2021-05-17 09:46:01,195 [main] JP.co.esm.caddies.jomt.Jude <INFO> - start program args [D:\Diagramas de engenharia\Diagramas de classe- Willian e Julia Cacciatori-Info2.asta]
2021-05-17 09:46:01,195 [main] JP.co.esm.caddies.jomt.Jude <INFO> - start vm args [-Xms16m, -Xmx512m, -Dsun.java2d.d3d=false]
2021-05-17 09:46:28,797 [AWT-EventQueue-0] JP.co.esm.caddies.jomt.jutil.l <INFO> - stack=5m
2021-05-17 09:46:38,131 [Thread-5] JP.co.esm.caddies.jomt.jutil.U <INFO> - This is the latest version of Astah.
2021-05-17 09:47:32,488 [AWT-EventQueue-0] JP.co.esm.caddies.golf.model.EntityStore <INFO> - saveAs: D:\Diagramas de engenharia\Diagramas de classe- Willian e Julia Cacciatori-Info2.asta
2021-05-17 14:28:59,748 [AWT-EventQueue-0] JP.co.esm.caddies.jomt.jsystem.k <INFO> - file: C:\Users\ACER\.astah\community\Jude.properties
2021-05-17 14:28:59,949 [AWT-EventQueue-0] JP.co.esm.caddies.jomt.jutil.JomtUtilities2 <INFO> - file: C:\Users\ACER\.astah\community\astah_command.log
2021-05-24 10:17:47,604 [main] JP.co.esm.caddies.jomt.Jude <INFO> - #### === Community 7.0.0 / 846701 ==============================
2021-05-24 10:17:47,616 [main] JP.co.esm.caddies.jomt.Jude <INFO> - start program args []
2021-05-24 10:17:47,627 [main] JP.co.esm.caddies.jomt.Jude <INFO> - start vm args [-Xms16m, -Xmx512m, -Dsun.java2d.d3d=false]
2021-05-24 10:18:14,247 [Thread-5] JP.co.esm.caddies.jomt.jutil.U <INFO> - This is the latest version of Astah.
2021-05-24 10:19:36,629 [AWT-EventQueue-0] JP.co.esm.caddies.jomt.jutil.l <INFO> - stack=5m
2021-05-31 14:48:44,672 [main] JP.co.esm.caddies.jomt.Jude <INFO> - #### === Community 7.0.0 / 846701 ==============================
2021-05-31 14:48:44,688 [main] JP.co.esm.caddies.jomt.Jude <INFO> - start program args []
2021-05-31 14:48:44,697 [main] JP.co.esm.caddies.jomt.Jude <INFO> - start vm args [-Xms16m, -Xmx512m, -Dsun.java2d.d3d=false]
2021-05-31 14:49:31,126 [Thread-5] JP.co.esm.caddies.jomt.jutil.U <INFO> - This is the latest version of Astah.
2021-05-31 14:49:31,144 [main] JP.co.esm.caddies.jomt.Jude <INFO> - #### === Community 7.0.0 / 846701 ==============================
2021-05-31 14:49:31,179 [main] JP.co.esm.caddies.jomt.Jude <INFO> - start program args []
2021-05-31 14:49:31,301 [main] JP.co.esm.caddies.jomt.Jude <INFO> - start vm args [-Xms16m, -Xmx512m, -Dsun.java2d.d3d=false]
2021-05-31 14:49:42,085 [AWT-EventQueue-0] JP.co.esm.caddies.jomt.jutil.l <INFO> - stack=5m
2021-05-31 14:49:42,196 [Thread-5] JP.co.esm.caddies.jomt.jutil.U <INFO> - This is the latest version of Astah.
2021-05-31 14:49:46,451 [AWT-EventQueue-0] JP.co.esm.caddies.jomt.jsystem.k <INFO> - file: C:\Users\ACER\.astah\community\Jude.properties
2021-05-31 14:49:46,482 [AWT-EventQueue-0] JP.co.esm.caddies.jomt.jutil.JomtUtilities2 <INFO> - file: C:\Users\ACER\.astah\community\astah_command.log
2021-05-31 14:49:46,827 [AWT-EventQueue-0] JP.co.esm.caddies.jomt.jutil.l <INFO> - stack=5m
2021-05-31 14:53:28,159 [AWT-EventQueue-0] JP.co.esm.caddies.jomt.jview.ez <ERROR> - error has occurred.
java.lang.NullPointerException: null
	at JP.co.esm.caddies.jomt.jviewElement.ao.a(X:172) ~[astah-community.jar:na]
	at JP.co.esm.caddies.jomt.jviewElement.bd.a(X:364) ~[astah-community.jar:na]
	at JP.co.esm.caddies.jomt.jviewElement.aX.b(X:579) ~[astah-community.jar:na]
	at lK.mouseClicked(X:96) ~[astah-community.jar:na]
	at java.awt.AWTEventMulticaster.mouseClicked(AWTEventMulticaster.java:270) ~[na:1.8.0_45]
	at java.awt.Component.processMouseEvent(Component.java:6528) ~[na:1.8.0_45]
	at javax.swing.JComponent.processMouseEvent(JComponent.java:3324) ~[na:1.8.0_45]
	at java.awt.Component.processEvent(Component.java:6290) ~[na:1.8.0_45]
	at java.awt.Container.processEvent(Container.java:2234) ~[na:1.8.0_45]
	at java.awt.Component.dispatchEventImpl(Component.java:4881) ~[na:1.8.0_45]
	at java.awt.Container.dispatchEventImpl(Container.java:2292) ~[na:1.8.0_45]
	at java.awt.Component.dispatchEvent(Component.java:4703) ~[na:1.8.0_45]
	at java.awt.LightweightDispatcher.retargetMouseEvent(Container.java:4898) ~[na:1.8.0_45]
	at java.awt.LightweightDispatcher.processMouseEvent(Container.java:4542) ~[na:1.8.0_45]
	at java.awt.LightweightDispatcher.dispatchEvent(Container.java:4462) ~[na:1.8.0_45]
	at java.awt.Container.dispatchEventImpl(Container.java:2278) ~[na:1.8.0_45]
	at java.awt.Window.dispatchEventImpl(Window.java:2750) ~[na:1.8.0_45]
	at java.awt.Component.dispatchEvent(Component.java:4703) ~[na:1.8.0_45]
	at java.awt.EventQueue.dispatchEventImpl(EventQueue.java:758) ~[na:1.8.0_45]
	at java.awt.EventQueue.access$500(EventQueue.java:97) ~[na:1.8.0_45]
	at java.awt.EventQueue$3.run(EventQueue.java:709) ~[na:1.8.0_45]
	at java.awt.EventQueue$3.run(EventQueue.java:703) ~[na:1.8.0_45]
	at java.security.AccessController.doPrivileged(Native Method) ~[na:1.8.0_45]
	at java.security.ProtectionDomain$1.doIntersectionPrivilege(ProtectionDomain.java:75) ~[na:1.8.0_45]
	at java.security.ProtectionDomain$1.doIntersectionPrivilege(ProtectionDomain.java:86) ~[na:1.8.0_45]
	at java.awt.EventQueue$4.run(EventQueue.java:731) ~[na:1.8.0_45]
	at java.awt.EventQueue$4.run(EventQueue.java:729) ~[na:1.8.0_45]
	at java.security.AccessController.doPrivileged(Native Method) ~[na:1.8.0_45]
	at java.security.ProtectionDomain$1.doIntersectionPrivilege(ProtectionDomain.java:75) ~[na:1.8.0_45]
	at java.awt.EventQueue.dispatchEvent(EventQueue.java:728) ~[na:1.8.0_45]
	at java.awt.EventDispatchThread.pumpOneEventForFilters(EventDispatchThread.java:201) [na:1.8.0_45]
	at java.awt.EventDispatchThread.pumpEventsForFilter(EventDispatchThread.java:116) [na:1.8.0_45]
	at java.awt.EventDispatchThread.pumpEventsForHierarchy(EventDispatchThread.java:105) [na:1.8.0_45]
	at java.awt.EventDispatchThread.pumpEvents(EventDispatchThread.java:101) [na:1.8.0_45]
	at java.awt.EventDispatchThread.pumpEvents(EventDispatchThread.java:93) [na:1.8.0_45]
	at java.awt.EventDispatchThread.run(EventDispatchThread.java:82) [na:1.8.0_45]
2021-05-31 15:05:58,128 [main] JP.co.esm.caddies.jomt.Jude <INFO> - #### === Community 7.0.0 / 846701 ==============================
2021-05-31 15:05:58,193 [main] JP.co.esm.caddies.jomt.Jude <INFO> - start program args []
2021-05-31 15:05:58,200 [main] JP.co.esm.caddies.jomt.Jude <INFO> - start vm args [-Xms16m, -Xmx512m, -Dsun.java2d.d3d=false]
2021-05-31 15:07:00,467 [Thread-5] JP.co.esm.caddies.jomt.jutil.U <INFO> - This is the latest version of Astah.
2021-05-31 15:07:46,340 [AWT-EventQueue-0] JP.co.esm.caddies.jomt.jutil.l <INFO> - stack=5m
2021-05-31 16:42:51,132 [AWT-EventQueue-0] JP.co.esm.caddies.jomt.jcontrol.JudeToImageCommand <INFO> - file: D:\MATERIAIS DE AULA 2021\ENGENHARIA DE SOFTWARE\Processo de Venda de Ingresso em um cinema.png
2021-05-31 16:43:54,767 [AWT-EventQueue-0] JP.co.esm.caddies.golf.model.EntityStore <INFO> - saveAs: D:\Diagramas de engenharia\Processo de Venda de Ingresso em um cinema.asta
2021-05-31 16:44:30,909 [AWT-EventQueue-0] JP.co.esm.caddies.jomt.jsystem.k <INFO> - file: C:\Users\ACER\.astah\community\Jude.properties
2021-05-31 16:44:30,929 [AWT-EventQueue-0] JP.co.esm.caddies.jomt.jutil.JomtUtilities2 <INFO> - file: C:\Users\ACER\.astah\community\astah_command.log
2021-05-31 16:44:43,019 [main] JP.co.esm.caddies.jomt.Jude <INFO> - #### === Community 7.0.0 / 846701 ==============================
2021-05-31 16:44:43,034 [main] JP.co.esm.caddies.jomt.Jude <INFO> - start program args []
2021-05-31 16:44:43,042 [main] JP.co.esm.caddies.jomt.Jude <INFO> - start vm args [-Xms16m, -Xmx512m, -Dsun.java2d.d3d=false]
2021-05-31 16:45:00,331 [Thread-5] JP.co.esm.caddies.jomt.jutil.U <INFO> - This is the latest version of Astah.
2021-05-31 16:48:24,863 [AWT-EventQueue-0] JP.co.esm.caddies.jomt.jutil.l <INFO> - stack=5m
2021-05-31 16:59:14,228 [AWT-EventQueue-0] JP.co.esm.caddies.jomt.jview.ez <ERROR> - error has occurred.
java.lang.NullPointerException: null
	at JP.co.esm.caddies.jomt.jview.IconResourceUtil.a(X:403) ~[astah-community.jar:na]
	at JP.co.esm.caddies.jomt.jview.de.a(X:516) ~[astah-community.jar:na]
	at JP.co.esm.caddies.jomt.jview.de.a(X:512) ~[astah-community.jar:na]
	at ml.getListCellRendererComponent(X:51) ~[astah-community.jar:na]
	at javax.swing.plaf.basic.BasicListUI.paintCell(BasicListUI.java:209) ~[na:1.8.0_45]
	at javax.swing.plaf.basic.BasicListUI.paintImpl(BasicListUI.java:317) ~[na:1.8.0_45]
	at javax.swing.plaf.basic.BasicListUI.paint(BasicListUI.java:240) ~[na:1.8.0_45]
	at javax.swing.plaf.ComponentUI.update(ComponentUI.java:161) ~[na:1.8.0_45]
	at javax.swing.JComponent.paintComponent(JComponent.java:780) ~[na:1.8.0_45]
	at javax.swing.JComponent.paint(JComponent.java:1056) ~[na:1.8.0_45]
	at javax.swing.JComponent.paintChildren(JComponent.java:889) ~[na:1.8.0_45]
	at javax.swing.JComponent.paint(JComponent.java:1065) ~[na:1.8.0_45]
	at javax.swing.JViewport.paint(JViewport.java:728) ~[na:1.8.0_45]
	at javax.swing.JComponent.paintChildren(JComponent.java:889) ~[na:1.8.0_45]
	at javax.swing.JComponent.paint(JComponent.java:1065) ~[na:1.8.0_45]
	at javax.swing.JComponent.paintChildren(JComponent.java:889) ~[na:1.8.0_45]
	at javax.swing.JComponent.paint(JComponent.java:1065) ~[na:1.8.0_45]
	at javax.swing.JComponent.paintChildren(JComponent.java:889) ~[na:1.8.0_45]
	at javax.swing.JComponent.paint(JComponent.java:1065) ~[na:1.8.0_45]
	at javax.swing.JLayeredPane.paint(JLayeredPane.java:586) ~[na:1.8.0_45]
	at javax.swing.JComponent.paintChildren(JComponent.java:889) ~[na:1.8.0_45]
	at javax.swing.JComponent.paintToOffscreen(JComponent.java:5226) ~[na:1.8.0_45]
	at javax.swing.RepaintManager$PaintManager.paintDoubleBuffered(RepaintManager.java:1572) ~[na:1.8.0_45]
	at javax.swing.RepaintManager$PaintManager.paint(RepaintManager.java:1495) ~[na:1.8.0_45]
	at javax.swing.RepaintManager.paint(RepaintManager.java:1265) ~[na:1.8.0_45]
	at javax.swing.JComponent.paint(JComponent.java:1042) ~[na:1.8.0_45]
	at java.awt.GraphicsCallback$PaintCallback.run(GraphicsCallback.java:39) ~[na:1.8.0_45]
	at sun.awt.SunGraphicsCallback.runOneComponent(SunGraphicsCallback.java:79) ~[na:1.8.0_45]
	at sun.awt.SunGraphicsCallback.runComponents(SunGraphicsCallback.java:116) ~[na:1.8.0_45]
	at java.awt.Container.paint(Container.java:1973) ~[na:1.8.0_45]
	at java.awt.Window.paint(Window.java:3912) ~[na:1.8.0_45]
	at javax.swing.RepaintManager$4.run(RepaintManager.java:835) ~[na:1.8.0_45]
	at javax.swing.RepaintManager$4.run(RepaintManager.java:807) ~[na:1.8.0_45]
	at java.security.AccessController.doPrivileged(Native Method) ~[na:1.8.0_45]
	at java.security.ProtectionDomain$1.doIntersectionPrivilege(ProtectionDomain.java:75) ~[na:1.8.0_45]
	at javax.swing.RepaintManager.paintDirtyRegions(RepaintManager.java:807) ~[na:1.8.0_45]
	at javax.swing.RepaintManager.paintDirtyRegions(RepaintManager.java:782) ~[na:1.8.0_45]
	at javax.swing.RepaintManager.prePaintDirtyRegions(RepaintManager.java:731) ~[na:1.8.0_45]
	at javax.swing.RepaintManager.access$1300(RepaintManager.java:64) ~[na:1.8.0_45]
	at javax.swing.RepaintManager$ProcessingRunnable.run(RepaintManager.java:1720) ~[na:1.8.0_45]
	at java.awt.event.InvocationEvent.dispatch(InvocationEvent.java:311) ~[na:1.8.0_45]
	at java.awt.EventQueue.dispatchEventImpl(EventQueue.java:756) ~[na:1.8.0_45]
	at java.awt.EventQueue.access$500(EventQueue.java:97) ~[na:1.8.0_45]
	at java.awt.EventQueue$3.run(EventQueue.java:709) ~[na:1.8.0_45]
	at java.awt.EventQueue$3.run(EventQueue.java:703) ~[na:1.8.0_45]
	at java.security.AccessController.doPrivileged(Native Method) ~[na:1.8.0_45]
	at java.security.ProtectionDomain$1.doIntersectionPrivilege(ProtectionDomain.java:75) ~[na:1.8.0_45]
	at java.awt.EventQueue.dispatchEvent(EventQueue.java:726) ~[na:1.8.0_45]
	at java.awt.EventDispatchThread.pumpOneEventForFilters(EventDispatchThread.java:201) [na:1.8.0_45]
	at java.awt.EventDispatchThread.pumpEventsForFilter(EventDispatchThread.java:116) [na:1.8.0_45]
	at java.awt.EventDispatchThread.pumpEventsForHierarchy(EventDispatchThread.java:105) [na:1.8.0_45]
	at java.awt.EventDispatchThread.pumpEvents(EventDispatchThread.java:101) [na:1.8.0_45]
	at java.awt.EventDispatchThread.pumpEvents(EventDispatchThread.java:93) [na:1.8.0_45]
	at java.awt.EventDispatchThread.run(EventDispatchThread.java:82) [na:1.8.0_45]
2021-05-31 17:36:27,921 [AWT-EventQueue-0] JP.co.esm.caddies.jomt.jcontrol.JudeToImageCommand <INFO> - file: D:\MATERIAIS DE AULA 2021\ENGENHARIA DE SOFTWARE\Pagamentos de mensalidades do clube.png
2021-05-31 17:43:42,244 [AWT-EventQueue-0] JP.co.esm.caddies.golf.model.EntityStore <INFO> - saveAs: D:\Diagramas de engenharia\Pagamento de mensalidades de um clube.asta
2021-05-31 17:44:17,688 [AWT-EventQueue-0] JP.co.esm.caddies.jomt.jcontrol.JudeToImageCommand <INFO> - file: D:\MATERIAIS DE AULA 2021\ENGENHARIA DE SOFTWARE\Pagamentos de mensalidades de um clube.png
2021-05-31 19:59:24,494 [main] JP.co.esm.caddies.jomt.Jude <INFO> - #### === Community 7.0.0 / 846701 ==============================
2021-05-31 19:59:24,541 [main] JP.co.esm.caddies.jomt.Jude <INFO> - start program args []
2021-05-31 19:59:24,635 [main] JP.co.esm.caddies.jomt.Jude <INFO> - start vm args [-Xms16m, -Xmx512m, -Dsun.java2d.d3d=false]
2021-05-31 19:59:49,847 [Thread-5] JP.co.esm.caddies.jomt.jutil.U <INFO> - This is the latest version of Astah.
2021-05-31 20:00:04,741 [AWT-EventQueue-0] JP.co.esm.caddies.jomt.jutil.l <INFO> - stack=5m
2021-05-31 20:36:40,763 [AWT-EventQueue-0] JP.co.esm.caddies.jomt.jview.ez <ERROR> - error has occurred.
java.lang.NullPointerException: null
	at JP.co.esm.caddies.jomt.jviewElement.ao.a(X:172) ~[astah-community.jar:na]
	at JP.co.esm.caddies.jomt.jviewElement.bd.a(X:364) ~[astah-community.jar:na]
	at JP.co.esm.caddies.jomt.jviewElement.aX.b(X:579) ~[astah-community.jar:na]
	at lK.mouseClicked(X:96) ~[astah-community.jar:na]
	at java.awt.AWTEventMulticaster.mouseClicked(AWTEventMulticaster.java:270) ~[na:1.8.0_45]
	at java.awt.Component.processMouseEvent(Component.java:6528) ~[na:1.8.0_45]
	at javax.swing.JComponent.processMouseEvent(JComponent.java:3324) ~[na:1.8.0_45]
	at java.awt.Component.processEvent(Component.java:6290) ~[na:1.8.0_45]
	at java.awt.Container.processEvent(Container.java:2234) ~[na:1.8.0_45]
	at java.awt.Component.dispatchEventImpl(Component.java:4881) ~[na:1.8.0_45]
	at java.awt.Container.dispatchEventImpl(Container.java:2292) ~[na:1.8.0_45]
	at java.awt.Component.dispatchEvent(Component.java:4703) ~[na:1.8.0_45]
	at java.awt.LightweightDispatcher.retargetMouseEvent(Container.java:4898) ~[na:1.8.0_45]
	at java.awt.LightweightDispatcher.processMouseEvent(Container.java:4542) ~[na:1.8.0_45]
	at java.awt.LightweightDispatcher.dispatchEvent(Container.java:4462) ~[na:1.8.0_45]
	at java.awt.Container.dispatchEventImpl(Container.java:2278) ~[na:1.8.0_45]
	at java.awt.Window.dispatchEventImpl(Window.java:2750) ~[na:1.8.0_45]
	at java.awt.Component.dispatchEvent(Component.java:4703) ~[na:1.8.0_45]
	at java.awt.EventQueue.dispatchEventImpl(EventQueue.java:758) ~[na:1.8.0_45]
	at java.awt.EventQueue.access$500(EventQueue.java:97) ~[na:1.8.0_45]
	at java.awt.EventQueue$3.run(EventQueue.java:709) ~[na:1.8.0_45]
	at java.awt.EventQueue$3.run(EventQueue.java:703) ~[na:1.8.0_45]
	at java.security.AccessController.doPrivileged(Native Method) ~[na:1.8.0_45]
	at java.security.ProtectionDomain$1.doIntersectionPrivilege(ProtectionDomain.java:75) ~[na:1.8.0_45]
	at java.security.ProtectionDomain$1.doIntersectionPrivilege(ProtectionDomain.java:86) ~[na:1.8.0_45]
	at java.awt.EventQueue$4.run(EventQueue.java:731) ~[na:1.8.0_45]
	at java.awt.EventQueue$4.run(EventQueue.java:729) ~[na:1.8.0_45]
	at java.security.AccessController.doPrivileged(Native Method) ~[na:1.8.0_45]
	at java.security.ProtectionDomain$1.doIntersectionPrivilege(ProtectionDomain.java:75) ~[na:1.8.0_45]
	at java.awt.EventQueue.dispatchEvent(EventQueue.java:728) ~[na:1.8.0_45]
	at java.awt.EventDispatchThread.pumpOneEventForFilters(EventDispatchThread.java:201) [na:1.8.0_45]
	at java.awt.EventDispatchThread.pumpEventsForFilter(EventDispatchThread.java:116) [na:1.8.0_45]
	at java.awt.EventDispatchThread.pumpEventsForHierarchy(EventDispatchThread.java:105) [na:1.8.0_45]
	at java.awt.EventDispatchThread.pumpEvents(EventDispatchThread.java:101) [na:1.8.0_45]
	at java.awt.EventDispatchThread.pumpEvents(EventDispatchThread.java:93) [na:1.8.0_45]
	at java.awt.EventDispatchThread.run(EventDispatchThread.java:82) [na:1.8.0_45]
2021-05-31 20:41:30,349 [AWT-EventQueue-0] JP.co.esm.caddies.jomt.jview.ez <ERROR> - error has occurred.
java.lang.NullPointerException: null
	at JP.co.esm.caddies.jomt.jviewElement.ao.a(X:172) ~[astah-community.jar:na]
	at JP.co.esm.caddies.jomt.jviewElement.bd.a(X:364) ~[astah-community.jar:na]
	at JP.co.esm.caddies.jomt.jviewElement.aX.b(X:579) ~[astah-community.jar:na]
	at lK.mouseClicked(X:96) ~[astah-community.jar:na]
	at java.awt.AWTEventMulticaster.mouseClicked(AWTEventMulticaster.java:270) ~[na:1.8.0_45]
	at java.awt.Component.processMouseEvent(Component.java:6528) ~[na:1.8.0_45]
	at javax.swing.JComponent.processMouseEvent(JComponent.java:3324) ~[na:1.8.0_45]
	at java.awt.Component.processEvent(Component.java:6290) ~[na:1.8.0_45]
	at java.awt.Container.processEvent(Container.java:2234) ~[na:1.8.0_45]
	at java.awt.Component.dispatchEventImpl(Component.java:4881) ~[na:1.8.0_45]
	at java.awt.Container.dispatchEventImpl(Container.java:2292) ~[na:1.8.0_45]
	at java.awt.Component.dispatchEvent(Component.java:4703) ~[na:1.8.0_45]
	at java.awt.LightweightDispatcher.retargetMouseEvent(Container.java:4898) ~[na:1.8.0_45]
	at java.awt.LightweightDispatcher.processMouseEvent(Container.java:4542) ~[na:1.8.0_45]
	at java.awt.LightweightDispatcher.dispatchEvent(Container.java:4462) ~[na:1.8.0_45]
	at java.awt.Container.dispatchEventImpl(Container.java:2278) ~[na:1.8.0_45]
	at java.awt.Window.dispatchEventImpl(Window.java:2750) ~[na:1.8.0_45]
	at java.awt.Component.dispatchEvent(Component.java:4703) ~[na:1.8.0_45]
	at java.awt.EventQueue.dispatchEventImpl(EventQueue.java:758) ~[na:1.8.0_45]
	at java.awt.EventQueue.access$500(EventQueue.java:97) ~[na:1.8.0_45]
	at java.awt.EventQueue$3.run(EventQueue.java:709) ~[na:1.8.0_45]
	at java.awt.EventQueue$3.run(EventQueue.java:703) ~[na:1.8.0_45]
	at java.security.AccessController.doPrivileged(Native Method) ~[na:1.8.0_45]
	at java.security.ProtectionDomain$1.doIntersectionPrivilege(ProtectionDomain.java:75) ~[na:1.8.0_45]
	at java.security.ProtectionDomain$1.doIntersectionPrivilege(ProtectionDomain.java:86) ~[na:1.8.0_45]
	at java.awt.EventQueue$4.run(EventQueue.java:731) ~[na:1.8.0_45]
	at java.awt.EventQueue$4.run(EventQueue.java:729) ~[na:1.8.0_45]
	at java.security.AccessController.doPrivileged(Native Method) ~[na:1.8.0_45]
	at java.security.ProtectionDomain$1.doIntersectionPrivilege(ProtectionDomain.java:75) ~[na:1.8.0_45]
	at java.awt.EventQueue.dispatchEvent(EventQueue.java:728) ~[na:1.8.0_45]
	at java.awt.EventDispatchThread.pumpOneEventForFilters(EventDispatchThread.java:201) [na:1.8.0_45]
	at java.awt.EventDispatchThread.pumpEventsForFilter(EventDispatchThread.java:116) [na:1.8.0_45]
	at java.awt.EventDispatchThread.pumpEventsForHierarchy(EventDispatchThread.java:105) [na:1.8.0_45]
	at java.awt.EventDispatchThread.pumpEvents(EventDispatchThread.java:101) [na:1.8.0_45]
	at java.awt.EventDispatchThread.pumpEvents(EventDispatchThread.java:93) [na:1.8.0_45]
	at java.awt.EventDispatchThread.run(EventDispatchThread.java:82) [na:1.8.0_45]
2021-05-31 20:53:05,601 [AWT-EventQueue-0] JP.co.esm.caddies.jomt.jview.ez <ERROR> - error has occurred.
java.lang.NullPointerException: null
	at JP.co.esm.caddies.jomt.jviewElement.ao.a(X:172) ~[astah-community.jar:na]
	at JP.co.esm.caddies.jomt.jviewElement.bd.a(X:364) ~[astah-community.jar:na]
	at JP.co.esm.caddies.jomt.jviewElement.aX.b(X:579) ~[astah-community.jar:na]
	at lK.mouseClicked(X:96) ~[astah-community.jar:na]
	at java.awt.AWTEventMulticaster.mouseClicked(AWTEventMulticaster.java:270) ~[na:1.8.0_45]
	at java.awt.Component.processMouseEvent(Component.java:6528) ~[na:1.8.0_45]
	at javax.swing.JComponent.processMouseEvent(JComponent.java:3324) ~[na:1.8.0_45]
	at java.awt.Component.processEvent(Component.java:6290) ~[na:1.8.0_45]
	at java.awt.Container.processEvent(Container.java:2234) ~[na:1.8.0_45]
	at java.awt.Component.dispatchEventImpl(Component.java:4881) ~[na:1.8.0_45]
	at java.awt.Container.dispatchEventImpl(Container.java:2292) ~[na:1.8.0_45]
	at java.awt.Component.dispatchEvent(Component.java:4703) ~[na:1.8.0_45]
	at java.awt.LightweightDispatcher.retargetMouseEvent(Container.java:4898) ~[na:1.8.0_45]
	at java.awt.LightweightDispatcher.processMouseEvent(Container.java:4542) ~[na:1.8.0_45]
	at java.awt.LightweightDispatcher.dispatchEvent(Container.java:4462) ~[na:1.8.0_45]
	at java.awt.Container.dispatchEventImpl(Container.java:2278) ~[na:1.8.0_45]
	at java.awt.Window.dispatchEventImpl(Window.java:2750) ~[na:1.8.0_45]
	at java.awt.Component.dispatchEvent(Component.java:4703) ~[na:1.8.0_45]
	at java.awt.EventQueue.dispatchEventImpl(EventQueue.java:758) ~[na:1.8.0_45]
	at java.awt.EventQueue.access$500(EventQueue.java:97) ~[na:1.8.0_45]
	at java.awt.EventQueue$3.run(EventQueue.java:709) ~[na:1.8.0_45]
	at java.awt.EventQueue$3.run(EventQueue.java:703) ~[na:1.8.0_45]
	at java.security.AccessController.doPrivileged(Native Method) ~[na:1.8.0_45]
	at java.security.ProtectionDomain$1.doIntersectionPrivilege(ProtectionDomain.java:75) ~[na:1.8.0_45]
	at java.security.ProtectionDomain$1.doIntersectionPrivilege(ProtectionDomain.java:86) ~[na:1.8.0_45]
	at java.awt.EventQueue$4.run(EventQueue.java:731) ~[na:1.8.0_45]
	at java.awt.EventQueue$4.run(EventQueue.java:729) ~[na:1.8.0_45]
	at java.security.AccessController.doPrivileged(Native Method) ~[na:1.8.0_45]
	at java.security.ProtectionDomain$1.doIntersectionPrivilege(ProtectionDomain.java:75) ~[na:1.8.0_45]
	at java.awt.EventQueue.dispatchEvent(EventQueue.java:728) ~[na:1.8.0_45]
	at java.awt.EventDispatchThread.pumpOneEventForFilters(EventDispatchThread.java:201) [na:1.8.0_45]
	at java.awt.EventDispatchThread.pumpEventsForFilter(EventDispatchThread.java:116) [na:1.8.0_45]
	at java.awt.EventDispatchThread.pumpEventsForHierarchy(EventDispatchThread.java:105) [na:1.8.0_45]
	at java.awt.EventDispatchThread.pumpEvents(EventDispatchThread.java:101) [na:1.8.0_45]
	at java.awt.EventDispatchThread.pumpEvents(EventDispatchThread.java:93) [na:1.8.0_45]
	at java.awt.EventDispatchThread.run(EventDispatchThread.java:82) [na:1.8.0_45]
2021-05-31 21:30:44,723 [AWT-EventQueue-0] JP.co.esm.caddies.jomt.jcontrol.JudeToImageCommand <INFO> - file: D:\MATERIAIS DE AULA 2021\ENGENHARIA DE SOFTWARE\Locação de veículos.png
2021-05-31 21:37:05,461 [AWT-EventQueue-0] JP.co.esm.caddies.jomt.jsystem.k <INFO> - file: C:\Users\ACER\.astah\community\Jude.properties
2021-05-31 21:37:05,561 [AWT-EventQueue-0] JP.co.esm.caddies.jomt.jutil.JomtUtilities2 <INFO> - file: C:\Users\ACER\.astah\community\astah_command.log
2021-06-14 14:01:50,161 [main] JP.co.esm.caddies.jomt.Jude <INFO> - #### === Community 7.0.0 / 846701 ==============================
2021-06-14 14:01:50,185 [main] JP.co.esm.caddies.jomt.Jude <INFO> - start program args []
2021-06-14 14:01:50,212 [main] JP.co.esm.caddies.jomt.Jude <INFO> - start vm args [-Xms16m, -Xmx512m, -Dsun.java2d.d3d=false]
2021-06-14 14:02:36,733 [Thread-5] JP.co.esm.caddies.jomt.jutil.U <INFO> - This is the latest version of Astah.
2021-06-14 14:02:53,217 [AWT-EventQueue-0] JP.co.esm.caddies.jomt.jutil.l <INFO> - stack=5m
2021-06-16 10:27:27,411 [main] JP.co.esm.caddies.jomt.Jude <INFO> - #### === Community 7.0.0 / 846701 ==============================
2021-06-16 10:27:27,441 [main] JP.co.esm.caddies.jomt.Jude <INFO> - start program args []
2021-06-16 10:27:27,515 [main] JP.co.esm.caddies.jomt.Jude <INFO> - start vm args [-Xms16m, -Xmx512m, -Dsun.java2d.d3d=false]
2021-06-16 10:27:59,658 [Thread-5] JP.co.esm.caddies.jomt.jutil.U <INFO> - This is the latest version of Astah.
2021-06-16 10:28:03,997 [AWT-EventQueue-0] JP.co.esm.caddies.jomt.jutil.l <INFO> - stack=5m
2021-06-16 10:28:30,508 [AWT-EventQueue-0] JP.co.esm.caddies.jomt.jsystem.k <INFO> - file: C:\Users\ACER\.astah\community\Jude.properties
2021-06-16 10:28:30,533 [AWT-EventQueue-0] JP.co.esm.caddies.jomt.jutil.JomtUtilities2 <INFO> - file: C:\Users\ACER\.astah\community\astah_command.log
2021-06-16 10:28:42,861 [main] JP.co.esm.caddies.jomt.Jude <INFO> - #### === Community 7.0.0 / 846701 ==============================
2021-06-16 10:28:42,877 [main] JP.co.esm.caddies.jomt.Jude <INFO> - start program args []
2021-06-16 10:28:42,888 [main] JP.co.esm.caddies.jomt.Jude <INFO> - start vm args [-Xms16m, -Xmx512m, -Dsun.java2d.d3d=false]
2021-06-16 10:28:51,376 [Thread-5] JP.co.esm.caddies.jomt.jutil.U <INFO> - This is the latest version of Astah.
2021-06-16 10:28:54,114 [AWT-EventQueue-0] JP.co.esm.caddies.jomt.jutil.l <INFO> - stack=5m
2021-06-19 11:00:29,346 [main] JP.co.esm.caddies.jomt.Jude <INFO> - #### === Community 7.0.0 / 846701 ==============================
2021-06-19 11:00:29,393 [main] JP.co.esm.caddies.jomt.Jude <INFO> - start program args []
2021-06-19 11:00:29,487 [main] JP.co.esm.caddies.jomt.Jude <INFO> - start vm args [-Xms16m, -Xmx512m, -Dsun.java2d.d3d=false]
2021-06-19 11:01:03,587 [Thread-5] JP.co.esm.caddies.jomt.jutil.U <INFO> - This is the latest version of Astah.
2021-06-19 11:01:19,241 [AWT-EventQueue-0] JP.co.esm.caddies.jomt.jutil.l <INFO> - stack=5m
2021-06-19 17:39:24,590 [AWT-EventQueue-0] JP.co.esm.caddies.golf.model.EntityStore <INFO> - saveAs: D:\Diagramas de engenharia\Repair-Prestação de serviços.asta
2021-06-19 17:47:20,374 [AWT-EventQueue-0] JP.co.esm.caddies.golf.model.EntityStore <INFO> - saveAs: D:\Diagramas de engenharia\Repair-Prestação de serviços.asta
2021-06-19 17:56:51,562 [AWT-EventQueue-0] JP.co.esm.caddies.golf.model.EntityStore <INFO> - saveAs: D:\Diagramas de engenharia\Repair-Prestação de serviços.asta
2021-06-19 18:27:49,905 [AWT-EventQueue-0] JP.co.esm.caddies.golf.model.EntityStore <INFO> - saveAs: D:\Diagramas de engenharia\Repair-Prestação de serviços.asta
2021-06-19 18:29:16,661 [AWT-EventQueue-0] JP.co.esm.caddies.golf.model.EntityStore <INFO> - saveAs: D:\Diagramas de engenharia\Repair-Prestação de serviços.asta
2021-06-19 18:40:14,031 [AWT-EventQueue-0] JP.co.esm.caddies.golf.model.EntityStore <INFO> - saveAs: D:\Diagramas de engenharia\Repair-Prestação de serviços.asta
2021-06-19 18:42:33,722 [AWT-EventQueue-0] JP.co.esm.caddies.golf.model.EntityStore <INFO> - saveAs: D:\Diagramas de engenharia\Repair-Prestação de serviços.asta
2021-06-19 18:46:53,566 [AWT-EventQueue-0] JP.co.esm.caddies.golf.model.EntityStore <INFO> - saveAs: D:\Diagramas de engenharia\Repair-Prestação de serviços.asta
2021-06-19 18:55:28,377 [AWT-EventQueue-0] JP.co.esm.caddies.golf.model.EntityStore <INFO> - saveAs: D:\Diagramas de engenharia\Repair-Prestação de serviços.asta
2021-06-19 19:03:09,874 [AWT-EventQueue-0] JP.co.esm.caddies.golf.model.EntityStore <INFO> - saveAs: D:\Diagramas de engenharia\Repair-Prestação de serviços.asta
2021-06-19 19:12:55,443 [AWT-EventQueue-0] JP.co.esm.caddies.golf.model.EntityStore <INFO> - saveAs: D:\Diagramas de engenharia\Repair-Prestação de serviços.asta
2021-06-19 19:53:18,250 [AWT-EventQueue-0] JP.co.esm.caddies.golf.model.EntityStore <INFO> - saveAs: D:\Diagramas de engenharia\Repair-Prestação de serviços.asta
2021-06-19 19:58:13,442 [AWT-EventQueue-0] JP.co.esm.caddies.golf.model.EntityStore <INFO> - saveAs: D:\Diagramas de engenharia\Repair-Prestação de serviços.asta
2021-06-19 20:01:50,319 [AWT-EventQueue-0] JP.co.esm.caddies.golf.model.EntityStore <INFO> - saveAs: D:\Diagramas de engenharia\Repair-Prestação de serviços.asta
2021-06-19 20:06:45,822 [AWT-EventQueue-0] JP.co.esm.caddies.golf.model.EntityStore <INFO> - saveAs: D:\Diagramas de engenharia\Repair-Prestação de serviços.asta
2021-06-19 20:06:52,517 [AWT-EventQueue-0] JP.co.esm.caddies.golf.model.EntityStore <INFO> - saveAs: D:\Diagramas de engenharia\Repair-Prestação de serviços.asta
2021-06-19 20:14:53,820 [AWT-EventQueue-0] JP.co.esm.caddies.golf.model.EntityStore <INFO> - saveAs: D:\Diagramas de engenharia\Repair-Prestação de serviços-Classe.asta
2021-06-19 20:16:22,952 [AWT-EventQueue-0] JP.co.esm.caddies.golf.model.EntityStore <INFO> - saveAs: D:\Diagramas de engenharia\Repair-Prestação de serviços-Classe.asta
2021-06-19 20:16:58,358 [main] JP.co.esm.caddies.jomt.Jude <INFO> - #### === Community 7.0.0 / 846701 ==============================
2021-06-19 20:16:58,385 [main] JP.co.esm.caddies.jomt.Jude <INFO> - start program args [D:\Diagramas de engenharia\Repair-Prestação de serviços-Uso.asta]
2021-06-19 20:16:58,578 [main] JP.co.esm.caddies.jomt.Jude <INFO> - start vm args [-Xms16m, -Xmx512m, -Dsun.java2d.d3d=false]
2021-06-19 20:17:21,801 [AWT-EventQueue-0] JP.co.esm.caddies.jomt.jutil.l <INFO> - stack=5m
2021-06-19 20:17:23,696 [AWT-EventQueue-0] JP.co.esm.caddies.jomt.jsystem.k <INFO> - file: C:\Users\ACER\.astah\community\Jude.properties
2021-06-19 20:17:23,934 [AWT-EventQueue-0] JP.co.esm.caddies.jomt.jutil.JomtUtilities2 <INFO> - file: C:\Users\ACER\.astah\community\astah_command.log
2021-06-19 20:17:36,357 [Thread-5] JP.co.esm.caddies.jomt.jutil.U <INFO> - This is the latest version of Astah.
2021-06-19 20:22:06,319 [AWT-EventQueue-0] JP.co.esm.caddies.golf.model.EntityStore <INFO> - saveAs: D:\Diagramas de engenharia\Repair-Prestação de serviços-Uso.asta
2021-06-19 22:28:20,308 [AWT-EventQueue-0] JP.co.esm.caddies.golf.model.EntityStore <INFO> - saveAs: D:\Diagramas de engenharia\Repair-Prestação de serviços-Uso.asta
2021-06-19 22:34:51,118 [main] JP.co.esm.caddies.jomt.Jude <INFO> - #### === Community 7.0.0 / 846701 ==============================
2021-06-19 22:34:51,147 [main] JP.co.esm.caddies.jomt.Jude <INFO> - start program args [D:\Diagramas de engenharia\Diagramas de classe- Willian e Julia Cacciatori-Info2.asta]
2021-06-19 22:34:51,218 [main] JP.co.esm.caddies.jomt.Jude <INFO> - start vm args [-Xms16m, -Xmx512m, -Dsun.java2d.d3d=false]
2021-06-19 22:35:05,904 [AWT-EventQueue-0] JP.co.esm.caddies.jomt.jview.swing.f <INFO> - invalid value. x is negative. x:-8, displayOriginX:0.0
2021-06-19 22:35:05,905 [AWT-EventQueue-0] JP.co.esm.caddies.jomt.jview.swing.f <INFO> - invalid value. y is negative. y:-8, displayOriginY:0.0
2021-06-19 22:35:07,528 [AWT-EventQueue-0] JP.co.esm.caddies.jomt.jutil.l <INFO> - stack=5m
2021-06-19 22:35:15,025 [Thread-5] JP.co.esm.caddies.jomt.jutil.U <INFO> - This is the latest version of Astah.
2021-06-25 00:08:39,315 [main] JP.co.esm.caddies.jomt.Jude <INFO> - #### === Community 7.0.0 / 846701 ==============================
2021-06-25 00:08:39,426 [main] JP.co.esm.caddies.jomt.Jude <INFO> - start program args []
2021-06-25 00:08:39,635 [main] JP.co.esm.caddies.jomt.Jude <INFO> - start vm args [-Xms16m, -Xmx512m, -Dsun.java2d.d3d=false]
2021-06-25 00:08:56,284 [AWT-EventQueue-0] JP.co.esm.caddies.jomt.jview.swing.f <INFO> - invalid value. x is negative. x:-8, displayOriginX:0.0
2021-06-25 00:08:56,285 [AWT-EventQueue-0] JP.co.esm.caddies.jomt.jview.swing.f <INFO> - invalid value. y is negative. y:-8, displayOriginY:0.0
2021-06-25 00:09:11,351 [AWT-EventQueue-0] JP.co.esm.caddies.jomt.jutil.l <INFO> - stack=5m
2021-06-25 00:09:12,299 [Thread-5] JP.co.esm.caddies.jomt.jutil.U <INFO> - This is the latest version of Astah.
2021-06-25 00:10:15,830 [AWT-EventQueue-0] JP.co.esm.caddies.jomt.jsystem.k <INFO> - file: C:\Users\ACER\.astah\community\Jude.properties
2021-06-25 00:10:15,880 [AWT-EventQueue-0] JP.co.esm.caddies.jomt.jutil.JomtUtilities2 <INFO> - file: C:\Users\ACER\.astah\community\astah_command.log
2021-06-25 00:10:25,822 [main] JP.co.esm.caddies.jomt.Jude <INFO> - #### === Community 7.0.0 / 846701 ==============================
2021-06-25 00:10:25,834 [main] JP.co.esm.caddies.jomt.Jude <INFO> - start program args []
2021-06-25 00:10:25,841 [main] JP.co.esm.caddies.jomt.Jude <INFO> - start vm args [-Xms16m, -Xmx512m, -Dsun.java2d.d3d=false]
2021-06-25 00:10:33,805 [AWT-EventQueue-0] JP.co.esm.caddies.jomt.jutil.l <INFO> - stack=5m
2021-06-25 00:10:34,174 [Thread-5] JP.co.esm.caddies.jomt.jutil.U <INFO> - This is the latest version of Astah.
2021-06-25 00:21:27,206 [AWT-EventQueue-0] JP.co.esm.caddies.golf.model.EntityStore <INFO> - saveAs: D:\Diagramas de engenharia\Repair-Prestação de serviços-Classe.asta
2021-06-25 01:28:50,015 [AWT-EventQueue-0] JP.co.esm.caddies.golf.model.EntityStore <INFO> - saveAs: D:\Diagramas de engenharia\Repair-Prestação de serviços-Classe.asta
2021-06-25 01:30:22,819 [main] JP.co.esm.caddies.jomt.Jude <INFO> - #### === Community 7.0.0 / 846701 ==============================
2021-06-25 01:30:22,831 [main] JP.co.esm.caddies.jomt.Jude <INFO> - start program args [D:\Diagramas de engenharia\Diagramas de classe- Willian e Julia Cacciatori-Info2.asta]
2021-06-25 01:30:22,837 [main] JP.co.esm.caddies.jomt.Jude <INFO> - start vm args [-Xms16m, -Xmx512m, -Dsun.java2d.d3d=false]
2021-06-25 01:30:36,259 [AWT-EventQueue-0] JP.co.esm.caddies.jomt.jutil.l <INFO> - stack=5m
2021-06-25 01:30:41,670 [Thread-5] JP.co.esm.caddies.jomt.jutil.U <INFO> - This is the latest version of Astah.
2021-06-25 01:33:37,319 [AWT-EventQueue-0] JP.co.esm.caddies.golf.model.EntityStore <INFO> - saveAs: D:\Diagramas de engenharia\Repair-Prestação de serviços-Classe.asta
2021-06-25 01:36:54,774 [AWT-EventQueue-0] JP.co.esm.caddies.golf.model.EntityStore <INFO> - saveAs: D:\Diagramas de engenharia\Repair-Prestação de serviços-Classe.asta
2021-06-25 01:38:03,389 [AWT-EventQueue-0] JP.co.esm.caddies.golf.model.EntityStore <INFO> - saveAs: D:\Diagramas de engenharia\Repair-Prestação de serviços-Classe.asta
2021-06-25 01:38:44,941 [AWT-EventQueue-0] JP.co.esm.caddies.golf.model.EntityStore <INFO> - saveAs: D:\Diagramas de engenharia\Repair-Prestação de serviços-Classe.asta
2021-06-25 01:45:33,462 [AWT-EventQueue-0] JP.co.esm.caddies.golf.model.EntityStore <INFO> - saveAs: D:\Diagramas de engenharia\Repair-Prestação de serviços-Classe.asta
2021-06-25 01:47:54,368 [AWT-EventQueue-0] JP.co.esm.caddies.golf.model.EntityStore <INFO> - saveAs: D:\Diagramas de engenharia\Repair-Prestação de serviços-Classe.asta
2021-06-25 01:51:49,837 [AWT-EventQueue-0] JP.co.esm.caddies.golf.model.EntityStore <INFO> - saveAs: D:\Diagramas de engenharia\Repair-Prestação de serviços-Classe.asta
2021-06-27 16:26:06,637 [main] JP.co.esm.caddies.jomt.Jude <INFO> - #### === Community 7.0.0 / 846701 ==============================
2021-06-27 16:26:06,699 [main] JP.co.esm.caddies.jomt.Jude <INFO> - start program args [D:\Diagramas de engenharia\Repair-Prestação de serviços-Classe1.asta]
2021-06-27 16:26:06,824 [main] JP.co.esm.caddies.jomt.Jude <INFO> - start vm args [-Xms16m, -Xmx512m, -Dsun.java2d.d3d=false]
2021-06-27 16:26:33,405 [AWT-EventQueue-0] JP.co.esm.caddies.jomt.jutil.l <INFO> - stack=5m
2021-06-27 16:26:42,548 [Thread-5] JP.co.esm.caddies.jomt.jutil.U <INFO> - This is the latest version of Astah.
2021-06-27 16:29:38,562 [main] JP.co.esm.caddies.jomt.Jude <INFO> - #### === Community 7.0.0 / 846701 ==============================
2021-06-27 16:29:38,663 [main] JP.co.esm.caddies.jomt.Jude <INFO> - start program args [D:\Diagramas de engenharia\Repair-Prestação de serviços-Uso1.asta]
2021-06-27 16:29:38,957 [main] JP.co.esm.caddies.jomt.Jude <INFO> - start vm args [-Xms16m, -Xmx512m, -Dsun.java2d.d3d=false]
2021-06-27 16:30:15,194 [AWT-EventQueue-0] JP.co.esm.caddies.jomt.jutil.l <INFO> - stack=5m
2021-06-27 16:30:31,330 [Thread-5] JP.co.esm.caddies.jomt.jutil.U <INFO> - This is the latest version of Astah.
2021-06-27 17:49:03,382 [AWT-EventQueue-0] JP.co.esm.caddies.jomt.jsystem.k <INFO> - file: C:\Users\ACER\.astah\community\Jude.properties
2021-06-27 17:49:05,969 [AWT-EventQueue-0] JP.co.esm.caddies.jomt.jutil.JomtUtilities2 <INFO> - file: C:\Users\ACER\.astah\community\astah_command.log
2021-06-27 22:43:06,652 [main] JP.co.esm.caddies.jomt.Jude <INFO> - #### === Community 7.0.0 / 846701 ==============================
2021-06-27 22:43:06,724 [main] JP.co.esm.caddies.jomt.Jude <INFO> - start program args [D:\Diagramas de engenharia\Repair-Prestação de serviços-Classe (2).asta]
2021-06-27 22:43:06,731 [main] JP.co.esm.caddies.jomt.Jude <INFO> - start vm args [-Xms16m, -Xmx512m, -Dsun.java2d.d3d=false]
2021-06-27 22:44:00,498 [AWT-EventQueue-0] JP.co.esm.caddies.jomt.jutil.l <INFO> - stack=5m
2021-06-27 22:44:09,396 [Thread-5] JP.co.esm.caddies.jomt.jutil.U <INFO> - This is the latest version of Astah.
2021-06-27 22:44:41,033 [AWT-EventQueue-0] JP.co.esm.caddies.jomt.jsystem.k <INFO> - file: C:\Users\ACER\.astah\community\Jude.properties
2021-06-27 22:44:41,951 [AWT-EventQueue-0] JP.co.esm.caddies.jomt.jutil.JomtUtilities2 <INFO> - file: C:\Users\ACER\.astah\community\astah_command.log
2021-06-27 22:47:42,491 [AWT-EventQueue-0] JP.co.esm.caddies.golf.model.EntityStore <INFO> - saveAs: D:\Diagramas de engenharia\Repair-Prestação de serviços-Classe (2).asta
2021-06-28 00:49:50,528 [AWT-EventQueue-0] JP.co.esm.caddies.golf.model.EntityStore <INFO> - saveAs: D:\Diagramas de engenharia\Repair-Prestação de serviços-Classe (2).asta
2021-06-28 00:59:44,113 [main] JP.co.esm.caddies.jomt.Jude <INFO> - #### === Community 7.0.0 / 846701 ==============================
2021-06-28 00:59:44,126 [main] JP.co.esm.caddies.jomt.Jude <INFO> - start program args [D:\Diagramas de engenharia\Sequence Diagram1.asta]
2021-06-28 00:59:44,133 [main] JP.co.esm.caddies.jomt.Jude <INFO> - start vm args [-Xms16m, -Xmx512m, -Dsun.java2d.d3d=false]
2021-06-28 01:00:05,086 [AWT-EventQueue-0] JP.co.esm.caddies.jomt.jutil.l <INFO> - stack=5m
2021-06-28 01:00:16,124 [Thread-5] JP.co.esm.caddies.jomt.jutil.U <INFO> - This is the latest version of Astah.
2021-06-28 01:05:02,435 [AWT-EventQueue-0] JP.co.esm.caddies.golf.model.EntityStore <INFO> - saveAs: D:\Diagramas de engenharia\Sequence Diagram1.asta
2021-06-28 01:07:48,009 [AWT-EventQueue-0] JP.co.esm.caddies.jomt.jsystem.k <INFO> - file: C:\Users\ACER\.astah\community\Jude.properties
2021-06-28 01:07:48,431 [AWT-EventQueue-0] JP.co.esm.caddies.jomt.jutil.JomtUtilities2 <INFO> - file: C:\Users\ACER\.astah\community\astah_command.log
2021-06-28 01:12:41,124 [AWT-EventQueue-0] JP.co.esm.caddies.jomt.jsystem.k <INFO> - file: C:\Users\ACER\.astah\community\Jude.properties
2021-06-28 01:12:41,140 [AWT-EventQueue-0] JP.co.esm.caddies.jomt.jutil.JomtUtilities2 <INFO> - file: C:\Users\ACER\.astah\community\astah_command.log
2021-06-28 08:28:34,283 [main] JP.co.esm.caddies.jomt.Jude <INFO> - #### === Community 7.0.0 / 846701 ==============================
2021-06-28 08:28:34,425 [main] JP.co.esm.caddies.jomt.Jude <INFO> - start program args [D:\Diagramas de engenharia\Repair-Prestação de serviços-Classe (2).asta]
2021-06-28 08:28:34,524 [main] JP.co.esm.caddies.jomt.Jude <INFO> - start vm args [-Xms16m, -Xmx512m, -Dsun.java2d.d3d=false]
2021-06-28 08:29:11,119 [AWT-EventQueue-0] JP.co.esm.caddies.jomt.jutil.l <INFO> - stack=5m
2021-06-28 08:29:19,122 [Thread-5] JP.co.esm.caddies.jomt.jutil.U <INFO> - This is the latest version of Astah.
2021-06-28 08:32:30,397 [AWT-EventQueue-0] JP.co.esm.caddies.jomt.jcontrol.JudeToImageCommand <INFO> - file: D:\MATERIAIS DE AULA 2021\ENGENHARIA DE SOFTWARE\Repair-Classe.png
2021-06-28 08:35:31,452 [AWT-EventQueue-0] JP.co.esm.caddies.jomt.jsystem.k <INFO> - file: C:\Users\ACER\.astah\community\Jude.properties
2021-06-28 08:35:31,520 [AWT-EventQueue-0] JP.co.esm.caddies.jomt.jutil.JomtUtilities2 <INFO> - file: C:\Users\ACER\.astah\community\astah_command.log
2021-06-28 08:36:48,786 [main] JP.co.esm.caddies.jomt.Jude <INFO> - #### === Community 7.0.0 / 846701 ==============================
2021-06-28 08:36:48,800 [main] JP.co.esm.caddies.jomt.Jude <INFO> - start program args [D:\Diagramas de engenharia\Repair-Prestação de serviços-Uso1.asta]
2021-06-28 08:36:48,807 [main] JP.co.esm.caddies.jomt.Jude <INFO> - start vm args [-Xms16m, -Xmx512m, -Dsun.java2d.d3d=false]
2021-06-28 08:36:55,513 [AWT-EventQueue-0] JP.co.esm.caddies.jomt.jutil.l <INFO> - stack=5m
2021-06-28 08:36:58,880 [Thread-5] JP.co.esm.caddies.jomt.jutil.U <INFO> - This is the latest version of Astah.
2021-06-28 08:38:28,527 [AWT-EventQueue-0] JP.co.esm.caddies.jomt.jcontrol.JudeToImageCommand <INFO> - file: D:\MATERIAIS DE AULA 2021\ENGENHARIA DE SOFTWARE\Repair-Uso.png
2021-06-28 08:40:36,691 [AWT-EventQueue-0] JP.co.esm.caddies.jomt.jsystem.k <INFO> - file: C:\Users\ACER\.astah\community\Jude.properties
2021-06-28 08:40:36,709 [AWT-EventQueue-0] JP.co.esm.caddies.jomt.jutil.JomtUtilities2 <INFO> - file: C:\Users\ACER\.astah\community\astah_command.log
2021-06-28 08:40:52,520 [main] JP.co.esm.caddies.jomt.Jude <INFO> - #### === Community 7.0.0 / 846701 ==============================
2021-06-28 08:40:52,535 [main] JP.co.esm.caddies.jomt.Jude <INFO> - start program args [D:\Diagramas de engenharia\Repair-Prestação de serviços-Sequencia.asta]
2021-06-28 08:40:52,544 [main] JP.co.esm.caddies.jomt.Jude <INFO> - start vm args [-Xms16m, -Xmx512m, -Dsun.java2d.d3d=false]
2021-06-28 08:40:59,253 [AWT-EventQueue-0] JP.co.esm.caddies.jomt.jutil.l <INFO> - stack=5m
2021-06-28 08:41:02,497 [Thread-5] JP.co.esm.caddies.jomt.jutil.U <INFO> - This is the latest version of Astah.
2021-06-28 08:41:50,434 [AWT-EventQueue-0] JP.co.esm.caddies.jomt.jcontrol.JudeToImageCommand <INFO> - file: D:\MATERIAIS DE AULA 2021\ENGENHARIA DE SOFTWARE\Repair-Sequencia.png
2021-06-28 08:45:57,453 [AWT-EventQueue-0] JP.co.esm.caddies.jomt.jsystem.k <INFO> - file: C:\Users\ACER\.astah\community\Jude.properties
2021-06-28 08:45:57,469 [AWT-EventQueue-0] JP.co.esm.caddies.jomt.jutil.JomtUtilities2 <INFO> - file: C:\Users\ACER\.astah\community\astah_command.log
2021-06-28 08:58:21,844 [main] JP.co.esm.caddies.jomt.Jude <INFO> - #### === Community 7.0.0 / 846701 ==============================
2021-06-28 08:58:21,860 [main] JP.co.esm.caddies.jomt.Jude <INFO> - start program args [D:\Diagramas de engenharia\Repair-Prestação de serviços-Uso1.asta]
2021-06-28 08:58:21,875 [main] JP.co.esm.caddies.jomt.Jude <INFO> - start vm args [-Xms16m, -Xmx512m, -Dsun.java2d.d3d=false]
2021-06-28 08:58:27,718 [AWT-EventQueue-0] JP.co.esm.caddies.jomt.jutil.l <INFO> - stack=5m
2021-06-28 08:58:30,271 [Thread-5] JP.co.esm.caddies.jomt.jutil.U <INFO> - This is the latest version of Astah.
2021-06-28 11:40:01,591 [AWT-EventQueue-0] JP.co.esm.caddies.jomt.jsystem.k <INFO> - file: C:\Users\ACER\.astah\community\Jude.properties
2021-06-28 11:40:02,101 [AWT-EventQueue-0] JP.co.esm.caddies.jomt.jutil.JomtUtilities2 <INFO> - file: C:\Users\ACER\.astah\community\astah_command.log
2021-06-28 11:40:49,917 [main] JP.co.esm.caddies.jomt.Jude <INFO> - #### === Community 7.0.0 / 846701 ==============================
2021-06-28 11:40:49,988 [main] JP.co.esm.caddies.jomt.Jude <INFO> - start program args [D:\Diagramas de engenharia\Repair-Prestação de serviços-Uso1.asta]
2021-06-28 11:40:50,062 [main] JP.co.esm.caddies.jomt.Jude <INFO> - start vm args [-Xms16m, -Xmx512m, -Dsun.java2d.d3d=false]
2021-06-28 11:41:12,228 [AWT-EventQueue-0] JP.co.esm.caddies.jomt.jutil.l <INFO> - stack=5m
2021-06-28 11:41:19,647 [Thread-5] JP.co.esm.caddies.jomt.jutil.U <INFO> - This is the latest version of Astah.
2021-06-28 18:06:26,343 [main] JP.co.esm.caddies.jomt.Jude <INFO> - #### === Community 7.0.0 / 846701 ==============================
2021-06-28 18:06:26,428 [main] JP.co.esm.caddies.jomt.Jude <INFO> - start program args [D:\Diagramas de engenharia\Repair-Prestação de serviços-Uso1.asta]
2021-06-28 18:06:26,575 [main] JP.co.esm.caddies.jomt.Jude <INFO> - start vm args [-Xms16m, -Xmx512m, -Dsun.java2d.d3d=false]
2021-06-28 18:06:51,953 [AWT-EventQueue-0] JP.co.esm.caddies.jomt.jutil.l <INFO> - stack=5m
2021-06-28 18:07:01,471 [Thread-5] JP.co.esm.caddies.jomt.jutil.U <INFO> - This is the latest version of Astah.
2021-06-28 18:24:31,001 [AWT-EventQueue-0] JP.co.esm.caddies.golf.model.EntityStore <INFO> - saveAs: D:\Diagramas de engenharia\Repair-Prestação de serviços-Uso1.asta
2021-06-28 18:30:48,115 [AWT-EventQueue-0] JP.co.esm.caddies.golf.model.EntityStore <INFO> - saveAs: D:\Diagramas de engenharia\Repair-Prestação de serviços-Uso1.asta
2021-06-28 18:31:26,411 [AWT-EventQueue-0] JP.co.esm.caddies.golf.model.EntityStore <INFO> - saveAs: D:\Diagramas de engenharia\Repair-Prestação de serviços-Uso1.asta
2021-06-28 18:32:54,299 [AWT-EventQueue-0] JP.co.esm.caddies.golf.model.EntityStore <INFO> - saveAs: D:\Diagramas de engenharia\Repair-Prestação de serviços-Uso1.asta
2021-06-28 18:33:15,525 [AWT-EventQueue-0] JP.co.esm.caddies.jomt.jcontrol.JudeToImageCommand <INFO> - file: D:\MATERIAIS DE AULA 2021\ENGENHARIA DE SOFTWARE\Repair-Caso e uso.png
2021-06-28 18:48:06,139 [AWT-EventQueue-0] JP.co.esm.caddies.jomt.jsystem.k <INFO> - file: C:\Users\ACER\.astah\community\Jude.properties
2021-06-28 18:48:06,449 [AWT-EventQueue-0] JP.co.esm.caddies.jomt.jutil.JomtUtilities2 <INFO> - file: C:\Users\ACER\.astah\community\astah_command.log
2021-06-28 18:50:13,503 [main] JP.co.esm.caddies.jomt.Jude <INFO> - #### === Community 7.0.0 / 846701 ==============================
2021-06-28 18:50:13,530 [main] JP.co.esm.caddies.jomt.Jude <INFO> - start program args [D:\Diagramas de engenharia\Repair-Prestação de serviços-Uso2.asta]
2021-06-28 18:50:13,623 [main] JP.co.esm.caddies.jomt.Jude <INFO> - start vm args [-Xms16m, -Xmx512m, -Dsun.java2d.d3d=false]
2021-06-28 18:50:35,057 [AWT-EventQueue-0] JP.co.esm.caddies.jomt.jutil.l <INFO> - stack=5m
2021-06-28 18:50:41,313 [Thread-5] JP.co.esm.caddies.jomt.jutil.U <INFO> - This is the latest version of Astah.
2021-06-28 19:32:23,078 [AWT-EventQueue-0] JP.co.esm.caddies.golf.model.EntityStore <INFO> - saveAs: D:\Diagramas de engenharia\Repair-Prestação de serviços-Uso2.asta
2021-06-28 19:33:45,596 [AWT-EventQueue-0] JP.co.esm.caddies.jomt.jcontrol.JudeToImageCommand <INFO> - file: D:\MATERIAIS DE AULA 2021\ENGENHARIA DE SOFTWARE\Repair-Caso e uso1.png
2021-06-28 19:38:50,248 [AWT-EventQueue-0] JP.co.esm.caddies.golf.model.EntityStore <INFO> - saveAs: D:\Diagramas de engenharia\Repair-Prestação de serviços-Uso2.asta
2021-06-28 19:40:03,880 [AWT-EventQueue-0] JP.co.esm.caddies.jomt.jcontrol.JudeToImageCommand <INFO> - file: D:\MATERIAIS DE AULA 2021\ENGENHARIA DE SOFTWARE\Repair-Caso e uso2.png
2021-06-28 19:43:20,415 [main] JP.co.esm.caddies.jomt.Jude <INFO> - #### === Community 7.0.0 / 846701 ==============================
2021-06-28 19:43:20,452 [main] JP.co.esm.caddies.jomt.Jude <INFO> - start program args [D:\Diagramas de engenharia\Repair-Prestação de serviços-Classe1.asta]
2021-06-28 19:43:20,519 [main] JP.co.esm.caddies.jomt.Jude <INFO> - start vm args [-Xms16m, -Xmx512m, -Dsun.java2d.d3d=false]
2021-06-28 19:43:42,764 [AWT-EventQueue-0] JP.co.esm.caddies.jomt.jutil.l <INFO> - stack=5m
2021-06-28 19:43:49,187 [Thread-5] JP.co.esm.caddies.jomt.jutil.U <INFO> - This is the latest version of Astah.
2021-06-28 19:44:20,032 [AWT-EventQueue-0] JP.co.esm.caddies.jomt.jsystem.k <INFO> - file: C:\Users\ACER\.astah\community\Jude.properties
2021-06-28 19:44:20,064 [AWT-EventQueue-0] JP.co.esm.caddies.jomt.jutil.JomtUtilities2 <INFO> - file: C:\Users\ACER\.astah\community\astah_command.log
2021-06-28 19:44:56,400 [main] JP.co.esm.caddies.jomt.Jude <INFO> - #### === Community 7.0.0 / 846701 ==============================
2021-06-28 19:44:56,453 [main] JP.co.esm.caddies.jomt.Jude <INFO> - start program args [D:\Diagramas de engenharia\Repair-Prestação de serviços-Classe (2).asta]
2021-06-28 19:44:56,526 [main] JP.co.esm.caddies.jomt.Jude <INFO> - start vm args [-Xms16m, -Xmx512m, -Dsun.java2d.d3d=false]
2021-06-28 19:45:12,378 [AWT-EventQueue-0] JP.co.esm.caddies.jomt.jutil.l <INFO> - stack=5m
2021-06-28 19:45:18,265 [Thread-5] JP.co.esm.caddies.jomt.jutil.U <INFO> - This is the latest version of Astah.
2021-06-28 19:46:24,876 [AWT-EventQueue-0] JP.co.esm.caddies.jomt.jcontrol.JudeToImageCommand <INFO> - file: D:\MATERIAIS DE AULA 2021\ENGENHARIA DE SOFTWARE\Repair-Classe1.png
2021-06-28 19:49:58,350 [AWT-EventQueue-0] JP.co.esm.caddies.jomt.jsystem.k <INFO> - file: C:\Users\ACER\.astah\community\Jude.properties
2021-06-28 19:49:58,410 [AWT-EventQueue-0] JP.co.esm.caddies.jomt.jutil.JomtUtilities2 <INFO> - file: C:\Users\ACER\.astah\community\astah_command.log
2021-06-28 19:50:06,708 [AWT-EventQueue-0] JP.co.esm.caddies.jomt.jsystem.k <INFO> - file: C:\Users\ACER\.astah\community\Jude.properties
2021-06-28 19:50:06,890 [AWT-EventQueue-0] JP.co.esm.caddies.jomt.jutil.JomtUtilities2 <INFO> - file: C:\Users\ACER\.astah\community\astah_command.log
2021-07-04 19:45:28,188 [main] JP.co.esm.caddies.jomt.Jude <INFO> - #### === Community 7.0.0 / 846701 ==============================
2021-07-04 19:45:28,190 [main] JP.co.esm.caddies.jomt.Jude <INFO> - #### === Community 7.0.0 / 846701 ==============================
2021-07-04 19:45:28,155 [main] JP.co.esm.caddies.jomt.Jude <INFO> - #### === Community 7.0.0 / 846701 ==============================
2021-07-04 19:45:28,417 [main] JP.co.esm.caddies.jomt.Jude <INFO> - start program args []
2021-07-04 19:45:28,417 [main] JP.co.esm.caddies.jomt.Jude <INFO> - start program args []
2021-07-04 19:45:28,418 [main] JP.co.esm.caddies.jomt.Jude <INFO> - start program args []
2021-07-04 19:45:30,734 [main] JP.co.esm.caddies.jomt.Jude <INFO> - start vm args [-Xms16m, -Xmx512m, -Dsun.java2d.d3d=false]
2021-07-04 19:45:30,736 [main] JP.co.esm.caddies.jomt.Jude <INFO> - start vm args [-Xms16m, -Xmx512m, -Dsun.java2d.d3d=false]
2021-07-04 19:45:30,740 [main] JP.co.esm.caddies.jomt.Jude <INFO> - start vm args [-Xms16m, -Xmx512m, -Dsun.java2d.d3d=false]
2021-07-04 19:46:27,419 [AWT-EventQueue-0] JP.co.esm.caddies.jomt.jsystem.k <INFO> - file: C:\Users\ACER\.astah\community\Jude.properties
2021-07-04 19:46:27,447 [AWT-EventQueue-0] JP.co.esm.caddies.jomt.jutil.JomtUtilities2 <INFO> - file: C:\Users\ACER\.astah\community\astah_command.log
2021-07-04 19:46:27,503 [AWT-EventQueue-0] JP.co.esm.caddies.jomt.jutil.l <INFO> - stack=5m
2021-07-04 19:46:28,517 [AWT-EventQueue-0] JP.co.esm.caddies.jomt.jsystem.k <INFO> - file: C:\Users\ACER\.astah\community\Jude.properties
2021-07-04 19:46:28,759 [AWT-EventQueue-0] JP.co.esm.caddies.jomt.jutil.JomtUtilities2 <INFO> - file: C:\Users\ACER\.astah\community\astah_command.log
2021-07-04 19:46:28,995 [AWT-EventQueue-0] JP.co.esm.caddies.jomt.jutil.l <INFO> - stack=5m
2021-07-04 19:46:30,397 [AWT-EventQueue-0] JP.co.esm.caddies.jomt.jsystem.k <INFO> - file: C:\Users\ACER\.astah\community\Jude.properties
2021-07-04 19:46:30,418 [AWT-EventQueue-0] JP.co.esm.caddies.jomt.jutil.JomtUtilities2 <INFO> - file: C:\Users\ACER\.astah\community\astah_command.log
2021-07-04 19:46:30,458 [AWT-EventQueue-0] JP.co.esm.caddies.jomt.jutil.l <INFO> - stack=5m
2021-08-07 10:22:17,968 [main] JP.co.esm.caddies.jomt.Jude <INFO> - #### === Community 7.0.0 / 846701 ==============================
2021-08-07 10:22:18,008 [main] JP.co.esm.caddies.jomt.Jude <INFO> - start program args []
2021-08-07 10:22:18,094 [main] JP.co.esm.caddies.jomt.Jude <INFO> - start vm args [-Xms16m, -Xmx512m, -Dsun.java2d.d3d=false]
2021-08-07 10:22:46,811 [Thread-5] JP.co.esm.caddies.jomt.jutil.U <INFO> - This is the latest version of Astah.
2021-08-07 10:24:14,927 [AWT-EventQueue-0] JP.co.esm.caddies.jomt.jutil.l <INFO> - stack=5m
2021-08-07 10:24:50,656 [AWT-EventQueue-0] JP.co.esm.caddies.jomt.jsystem.k <INFO> - file: C:\Users\ACER\.astah\community\Jude.properties
2021-08-07 10:24:50,670 [AWT-EventQueue-0] JP.co.esm.caddies.jomt.jutil.JomtUtilities2 <INFO> - file: C:\Users\ACER\.astah\community\astah_command.log
2021-08-23 12:03:40,622 [main] JP.co.esm.caddies.jomt.Jude <INFO> - #### === Community 7.0.0 / 846701 ==============================
2021-08-23 12:03:40,685 [main] JP.co.esm.caddies.jomt.Jude <INFO> - start program args [C:\Users\ACER\Desktop\Repair-Prestação de serviços-Classe (2).asta]
2021-08-23 12:03:40,825 [main] JP.co.esm.caddies.jomt.Jude <INFO> - start vm args [-Xms16m, -Xmx512m, -Dsun.java2d.d3d=false]
2021-08-23 12:04:13,293 [AWT-EventQueue-0] JP.co.esm.caddies.jomt.jutil.l <INFO> - stack=5m
2021-08-23 12:04:24,504 [Thread-5] JP.co.esm.caddies.jomt.jutil.U <INFO> - This is the latest version of Astah.
2021-08-23 12:04:58,561 [AWT-EventQueue-0] JP.co.esm.caddies.jomt.jsystem.k <INFO> - file: C:\Users\ACER\.astah\community\Jude.properties
2021-08-23 12:04:58,599 [AWT-EventQueue-0] JP.co.esm.caddies.jomt.jutil.JomtUtilities2 <INFO> - file: C:\Users\ACER\.astah\community\astah_command.log
2021-11-19 07:58:11,816 [main] JP.co.esm.caddies.jomt.Jude <INFO> - #### === Community 7.0.0 / 846701 ==============================
2021-11-19 07:58:11,816 [main] JP.co.esm.caddies.jomt.Jude <INFO> - #### === Community 7.0.0 / 846701 ==============================
2021-11-19 07:58:12,488 [main] JP.co.esm.caddies.jomt.Jude <INFO> - start program args []
2021-11-19 07:58:12,488 [main] JP.co.esm.caddies.jomt.Jude <INFO> - start program args []
2021-11-19 07:58:15,381 [main] JP.co.esm.caddies.jomt.Jude <INFO> - start vm args [-Xms16m, -Xmx512m, -Dsun.java2d.d3d=false]
2021-11-19 07:58:15,381 [main] JP.co.esm.caddies.jomt.Jude <INFO> - start vm args [-Xms16m, -Xmx512m, -Dsun.java2d.d3d=false]
2021-11-19 07:58:58,673 [AWT-EventQueue-0] JP.co.esm.caddies.jomt.jsystem.k <INFO> - file: C:\Users\ACER\.astah\community\Jude.properties
2021-11-19 07:58:58,791 [AWT-EventQueue-0] JP.co.esm.caddies.jomt.jutil.JomtUtilities2 <INFO> - file: C:\Users\ACER\.astah\community\astah_command.log
2021-11-19 07:58:58,979 [AWT-EventQueue-0] JP.co.esm.caddies.jomt.jutil.l <INFO> - stack=5m
2021-11-19 07:59:03,338 [Thread-5] JP.co.esm.caddies.jomt.jutil.U <INFO> - This is the latest version of Astah.
2021-11-19 10:38:09,420 [AWT-EventQueue-0] JP.co.esm.caddies.jomt.jutil.l <INFO> - stack=5m
2021-11-19 11:41:02,693 [AWT-EventQueue-0] JP.co.esm.caddies.golf.model.EntityStore <INFO> - saveAs: D:\MATERIAIS DE AULA 2021\PROJETO INTEGRADOR\Diagramas\UseCase Diagrama.asta
2021-11-19 11:41:08,134 [AWT-EventQueue-0] JP.co.esm.caddies.jomt.jsystem.k <INFO> - file: C:\Users\ACER\.astah\community\Jude.properties
2021-11-19 11:41:08,281 [AWT-EventQueue-0] JP.co.esm.caddies.jomt.jutil.JomtUtilities2 <INFO> - file: C:\Users\ACER\.astah\community\astah_command.log
2021-11-19 12:16:20,079 [main] JP.co.esm.caddies.jomt.Jude <INFO> - #### === Community 7.0.0 / 846701 ==============================
2021-11-19 12:16:20,121 [main] JP.co.esm.caddies.jomt.Jude <INFO> - start program args [D:\MATERIAIS DE AULA 2021\PROJETO INTEGRADOR\Diagramas\UseCase Diagrama.asta]
2021-11-19 12:16:20,175 [main] JP.co.esm.caddies.jomt.Jude <INFO> - start vm args [-Xms16m, -Xmx512m, -Dsun.java2d.d3d=false]
2021-11-19 12:16:45,292 [AWT-EventQueue-0] JP.co.esm.caddies.jomt.jutil.l <INFO> - stack=5m
2021-11-19 12:17:00,216 [Thread-5] JP.co.esm.caddies.jomt.jutil.U <INFO> - This is the latest version of Astah.
2021-11-19 18:24:46,504 [AWT-EventQueue-0] JP.co.esm.caddies.golf.model.EntityStore <INFO> - saveAs: D:\MATERIAIS DE AULA 2021\PROJETO INTEGRADOR\Diagramas\UseCase Diagrama.asta
2021-11-19 19:25:49,075 [AWT-EventQueue-0] JP.co.esm.caddies.golf.model.EntityStore <INFO> - saveAs: D:\MATERIAIS DE AULA 2021\PROJETO INTEGRADOR\Diagramas\UseCase Diagrama.asta
2021-11-19 19:26:36,129 [AWT-EventQueue-0] JP.co.esm.caddies.jomt.jsystem.k <INFO> - file: C:\Users\ACER\.astah\community\Jude.properties
2021-11-19 19:26:36,359 [AWT-EventQueue-0] JP.co.esm.caddies.jomt.jutil.JomtUtilities2 <INFO> - file: C:\Users\ACER\.astah\community\astah_command.log
2021-11-19 19:27:51,852 [main] JP.co.esm.caddies.jomt.Jude <INFO> - #### === Community 7.0.0 / 846701 ==============================
2021-11-19 19:27:51,903 [main] JP.co.esm.caddies.jomt.Jude <INFO> - start program args [D:\MATERIAIS DE AULA 2021\PROJETO INTEGRADOR\Diagramas\UseCase Diagrama.asta]
2021-11-19 19:27:52,346 [main] JP.co.esm.caddies.jomt.Jude <INFO> - start vm args [-Xms16m, -Xmx512m, -Dsun.java2d.d3d=false]
2021-11-19 19:28:15,646 [AWT-EventQueue-0] JP.co.esm.caddies.jomt.jutil.l <INFO> - stack=5m
2021-11-19 19:28:25,965 [Thread-5] JP.co.esm.caddies.jomt.jutil.U <INFO> - This is the latest version of Astah.
2021-11-19 19:55:36,659 [AWT-EventQueue-0] JP.co.esm.caddies.golf.model.EntityStore <INFO> - saveAs: D:\MATERIAIS DE AULA 2021\PROJETO INTEGRADOR\Diagramas\UseCase Diagrama.asta
2021-11-19 19:55:47,441 [AWT-EventQueue-0] JP.co.esm.caddies.jomt.jsystem.k <INFO> - file: C:\Users\ACER\.astah\community\Jude.properties
2021-11-19 19:55:47,465 [AWT-EventQueue-0] JP.co.esm.caddies.jomt.jutil.JomtUtilities2 <INFO> - file: C:\Users\ACER\.astah\community\astah_command.log
2021-11-19 20:28:03,383 [main] JP.co.esm.caddies.jomt.Jude <INFO> - #### === Community 7.0.0 / 846701 ==============================
2021-11-19 20:28:03,530 [main] JP.co.esm.caddies.jomt.Jude <INFO> - start program args [D:\MATERIAIS DE AULA 2021\PROJETO INTEGRADOR\Diagramas\UseCase Diagrama.asta]
2021-11-19 20:28:03,605 [main] JP.co.esm.caddies.jomt.Jude <INFO> - start vm args [-Xms16m, -Xmx512m, -Dsun.java2d.d3d=false]
2021-11-19 20:28:29,953 [AWT-EventQueue-0] JP.co.esm.caddies.jomt.jutil.l <INFO> - stack=5m
2021-11-19 20:28:42,946 [Thread-5] JP.co.esm.caddies.jomt.jutil.U <INFO> - This is the latest version of Astah.
2021-11-19 20:30:13,890 [AWT-EventQueue-0] JP.co.esm.caddies.jomt.jsystem.k <INFO> - file: C:\Users\ACER\.astah\community\Jude.properties
2021-11-19 20:30:13,904 [AWT-EventQueue-0] JP.co.esm.caddies.jomt.jutil.JomtUtilities2 <INFO> - file: C:\Users\ACER\.astah\community\astah_command.log
2021-11-19 20:30:29,875 [main] JP.co.esm.caddies.jomt.Jude <INFO> - #### === Community 7.0.0 / 846701 ==============================
2021-11-19 20:30:29,906 [main] JP.co.esm.caddies.jomt.Jude <INFO> - start program args []
2021-11-19 20:30:29,888 [main] JP.co.esm.caddies.jomt.Jude <INFO> - #### === Community 7.0.0 / 846701 ==============================
2021-11-19 20:30:29,914 [main] JP.co.esm.caddies.jomt.Jude <INFO> - start program args []
2021-11-19 20:30:29,944 [main] JP.co.esm.caddies.jomt.Jude <INFO> - start vm args [-Xms16m, -Xmx512m, -Dsun.java2d.d3d=false]
2021-11-19 20:30:29,944 [main] JP.co.esm.caddies.jomt.Jude <INFO> - start vm args [-Xms16m, -Xmx512m, -Dsun.java2d.d3d=false]
2021-11-19 20:30:55,625 [Thread-5] JP.co.esm.caddies.jomt.jutil.U <INFO> - This is the latest version of Astah.
2021-11-19 20:30:56,038 [Thread-5] JP.co.esm.caddies.jomt.jutil.U <INFO> - This is the latest version of Astah.
2021-11-19 20:31:01,500 [AWT-EventQueue-0] JP.co.esm.caddies.jomt.jutil.l <INFO> - stack=5m
2021-11-19 20:31:24,409 [AWT-EventQueue-0] JP.co.esm.caddies.jomt.jsystem.k <INFO> - file: C:\Users\ACER\.astah\community\Jude.properties
2021-11-19 20:31:24,468 [AWT-EventQueue-0] JP.co.esm.caddies.jomt.jutil.JomtUtilities2 <INFO> - file: C:\Users\ACER\.astah\community\astah_command.log
2021-11-19 20:31:24,524 [AWT-EventQueue-0] JP.co.esm.caddies.jomt.jutil.l <INFO> - stack=5m
2021-11-19 20:33:45,248 [main] JP.co.esm.caddies.jomt.Jude <INFO> - #### === Community 7.0.0 / 846701 ==============================
2021-11-19 20:33:45,328 [main] JP.co.esm.caddies.jomt.Jude <INFO> - start program args [D:\MATERIAIS DE AULA 2021\PROJETO INTEGRADOR\Diagramas\UseCase Diagrama.asta]
2021-11-19 20:33:45,782 [main] JP.co.esm.caddies.jomt.Jude <INFO> - start vm args [-Xms16m, -Xmx512m, -Dsun.java2d.d3d=false]
2021-11-19 20:34:04,189 [AWT-EventQueue-0] JP.co.esm.caddies.jomt.jutil.l <INFO> - stack=5m
2021-11-19 20:34:10,337 [Thread-5] JP.co.esm.caddies.jomt.jutil.U <INFO> - This is the latest version of Astah.
2021-11-19 20:38:18,719 [AWT-EventQueue-0] JP.co.esm.caddies.golf.model.EntityStore <INFO> - saveAs: D:\MATERIAIS DE AULA 2021\PROJETO INTEGRADOR\Diagramas\UseCase Diagrama.asta
2021-11-19 20:47:12,077 [AWT-EventQueue-0] JP.co.esm.caddies.golf.model.EntityStore <INFO> - saveAs: D:\MATERIAIS DE AULA 2021\PROJETO INTEGRADOR\Diagramas\UseCase Diagrama.asta
2021-11-19 20:55:34,652 [AWT-EventQueue-0] JP.co.esm.caddies.golf.model.EntityStore <INFO> - saveAs: D:\MATERIAIS DE AULA 2021\PROJETO INTEGRADOR\Diagramas\UseCase Diagrama.asta
2021-11-19 21:01:36,162 [AWT-EventQueue-0] JP.co.esm.caddies.golf.model.EntityStore <INFO> - saveAs: D:\MATERIAIS DE AULA 2021\PROJETO INTEGRADOR\Diagramas\UseCase Diagrama.asta
2021-11-19 21:29:39,616 [AWT-EventQueue-0] JP.co.esm.caddies.jomt.jview.ez <ERROR> - error has occurred.
java.lang.NullPointerException: null
	at javax.swing.JComponent.repaint(JComponent.java:4817) [na:1.8.0_45]
	at sun.swing.FilePane$3.repaintListSelection(FilePane.java:246) ~[na:1.8.0_45]
	at sun.swing.FilePane$3.repaintSelection(FilePane.java:236) ~[na:1.8.0_45]
	at sun.swing.FilePane$3.focusLost(FilePane.java:231) ~[na:1.8.0_45]
	at java.awt.AWTEventMulticaster.focusLost(AWTEventMulticaster.java:230) ~[na:1.8.0_45]
	at java.awt.Component.processFocusEvent(Component.java:6417) [na:1.8.0_45]
	at java.awt.Component.processEvent(Component.java:6281) [na:1.8.0_45]
	at java.awt.Container.processEvent(Container.java:2234) [na:1.8.0_45]
	at java.awt.Component.dispatchEventImpl(Component.java:4881) [na:1.8.0_45]
	at java.awt.Container.dispatchEventImpl(Container.java:2292) [na:1.8.0_45]
	at java.awt.Component.dispatchEvent(Component.java:4703) [na:1.8.0_45]
	at java.awt.KeyboardFocusManager.redispatchEvent(KeyboardFocusManager.java:1954) ~[na:1.8.0_45]
	at java.awt.DefaultKeyboardFocusManager.typeAheadAssertions(DefaultKeyboardFocusManager.java:995) ~[na:1.8.0_45]
	at java.awt.DefaultKeyboardFocusManager.dispatchEvent(DefaultKeyboardFocusManager.java:661) ~[na:1.8.0_45]
	at java.awt.Component.dispatchEventImpl(Component.java:4752) [na:1.8.0_45]
	at java.awt.Container.dispatchEventImpl(Container.java:2292) [na:1.8.0_45]
	at java.awt.Component.dispatchEvent(Component.java:4703) [na:1.8.0_45]
	at java.awt.EventQueue.dispatchEventImpl(EventQueue.java:758) [na:1.8.0_45]
	at java.awt.EventQueue.access$500(EventQueue.java:97) [na:1.8.0_45]
	at java.awt.EventQueue$3.run(EventQueue.java:709) [na:1.8.0_45]
	at java.awt.EventQueue$3.run(EventQueue.java:703) [na:1.8.0_45]
	at java.security.AccessController.doPrivileged(Native Method) [na:1.8.0_45]
	at java.security.ProtectionDomain$1.doIntersectionPrivilege(ProtectionDomain.java:75) [na:1.8.0_45]
	at java.security.ProtectionDomain$1.doIntersectionPrivilege(ProtectionDomain.java:86) [na:1.8.0_45]
	at java.awt.EventQueue$4.run(EventQueue.java:731) [na:1.8.0_45]
	at java.awt.EventQueue$4.run(EventQueue.java:729) [na:1.8.0_45]
	at java.security.AccessController.doPrivileged(Native Method) [na:1.8.0_45]
	at java.security.ProtectionDomain$1.doIntersectionPrivilege(ProtectionDomain.java:75) [na:1.8.0_45]
	at java.awt.EventQueue.dispatchEvent(EventQueue.java:728) [na:1.8.0_45]
	at java.awt.EventDispatchThread.pumpOneEventForFilters(EventDispatchThread.java:201) [na:1.8.0_45]
	at java.awt.EventDispatchThread.pumpEventsForFilter(EventDispatchThread.java:116) [na:1.8.0_45]
	at java.awt.EventDispatchThread.pumpEventsForFilter(EventDispatchThread.java:109) [na:1.8.0_45]
	at java.awt.WaitDispatchSupport$2.run(WaitDispatchSupport.java:184) [na:1.8.0_45]
	at java.awt.WaitDispatchSupport$4.run(WaitDispatchSupport.java:229) [na:1.8.0_45]
	at java.awt.WaitDispatchSupport$4.run(WaitDispatchSupport.java:227) [na:1.8.0_45]
	at java.security.AccessController.doPrivileged(Native Method) [na:1.8.0_45]
	at java.awt.WaitDispatchSupport.enter(WaitDispatchSupport.java:227) [na:1.8.0_45]
	at java.awt.Dialog.show(Dialog.java:1084) [na:1.8.0_45]
	at javax.swing.JFileChooser.showDialog(JFileChooser.java:758) [na:1.8.0_45]
	at javax.swing.JFileChooser.showSaveDialog(JFileChooser.java:681) [na:1.8.0_45]
	at JP.co.esm.caddies.jomt.jcontrol.JudeToImageCommand.a(X:1329) [astah-community.jar:na]
	at JP.co.esm.caddies.jomt.jcontrol.JudeToImageCommand.a(X:774) [astah-community.jar:na]
	at JP.co.esm.caddies.jomt.jcontrol.JudeToImageCommand.execute(X:267) [astah-community.jar:na]
	at g.start(X:53) [astah-community.jar:na]
	at m.run(X:88) [astah-community.jar:na]
	at m.b(X:103) [astah-community.jar:na]
	at l.a(X:107) [astah-community.jar:na]
	at q.a(X:116) [astah-community.jar:na]
	at q.actionPerformed(X:95) [astah-community.jar:na]
	at javax.swing.AbstractButton.fireActionPerformed(AbstractButton.java:2022) [na:1.8.0_45]
	at javax.swing.AbstractButton$Handler.actionPerformed(AbstractButton.java:2346) [na:1.8.0_45]
	at javax.swing.DefaultButtonModel.fireActionPerformed(DefaultButtonModel.java:402) [na:1.8.0_45]
	at javax.swing.DefaultButtonModel.setPressed(DefaultButtonModel.java:259) [na:1.8.0_45]
	at javax.swing.AbstractButton.doClick(AbstractButton.java:376) [na:1.8.0_45]
	at javax.swing.plaf.basic.BasicMenuItemUI.doClick(BasicMenuItemUI.java:833) [na:1.8.0_45]
	at javax.swing.plaf.basic.BasicMenuItemUI$Handler.mouseReleased(BasicMenuItemUI.java:877) [na:1.8.0_45]
	at java.awt.Component.processMouseEvent(Component.java:6525) [na:1.8.0_45]
	at javax.swing.JComponent.processMouseEvent(JComponent.java:3324) [na:1.8.0_45]
	at java.awt.Component.processEvent(Component.java:6290) [na:1.8.0_45]
	at java.awt.Container.processEvent(Container.java:2234) [na:1.8.0_45]
	at java.awt.Component.dispatchEventImpl(Component.java:4881) [na:1.8.0_45]
	at java.awt.Container.dispatchEventImpl(Container.java:2292) [na:1.8.0_45]
	at java.awt.Component.dispatchEvent(Component.java:4703) [na:1.8.0_45]
	at java.awt.LightweightDispatcher.retargetMouseEvent(Container.java:4898) [na:1.8.0_45]
	at java.awt.LightweightDispatcher.processMouseEvent(Container.java:4533) [na:1.8.0_45]
	at java.awt.LightweightDispatcher.dispatchEvent(Container.java:4462) [na:1.8.0_45]
	at java.awt.Container.dispatchEventImpl(Container.java:2278) [na:1.8.0_45]
	at java.awt.Window.dispatchEventImpl(Window.java:2750) [na:1.8.0_45]
	at java.awt.Component.dispatchEvent(Component.java:4703) [na:1.8.0_45]
	at java.awt.EventQueue.dispatchEventImpl(EventQueue.java:758) [na:1.8.0_45]
	at java.awt.EventQueue.access$500(EventQueue.java:97) [na:1.8.0_45]
	at java.awt.EventQueue$3.run(EventQueue.java:709) [na:1.8.0_45]
	at java.awt.EventQueue$3.run(EventQueue.java:703) [na:1.8.0_45]
	at java.security.AccessController.doPrivileged(Native Method) [na:1.8.0_45]
	at java.security.ProtectionDomain$1.doIntersectionPrivilege(ProtectionDomain.java:75) [na:1.8.0_45]
	at java.security.ProtectionDomain$1.doIntersectionPrivilege(ProtectionDomain.java:86) [na:1.8.0_45]
	at java.awt.EventQueue$4.run(EventQueue.java:731) [na:1.8.0_45]
	at java.awt.EventQueue$4.run(EventQueue.java:729) [na:1.8.0_45]
	at java.security.AccessController.doPrivileged(Native Method) [na:1.8.0_45]
	at java.security.ProtectionDomain$1.doIntersectionPrivilege(ProtectionDomain.java:75) [na:1.8.0_45]
	at java.awt.EventQueue.dispatchEvent(EventQueue.java:728) [na:1.8.0_45]
	at java.awt.EventDispatchThread.pumpOneEventForFilters(EventDispatchThread.java:201) [na:1.8.0_45]
	at java.awt.EventDispatchThread.pumpEventsForFilter(EventDispatchThread.java:116) [na:1.8.0_45]
	at java.awt.EventDispatchThread.pumpEventsForHierarchy(EventDispatchThread.java:105) [na:1.8.0_45]
	at java.awt.EventDispatchThread.pumpEvents(EventDispatchThread.java:101) [na:1.8.0_45]
	at java.awt.EventDispatchThread.pumpEvents(EventDispatchThread.java:93) [na:1.8.0_45]
	at java.awt.EventDispatchThread.run(EventDispatchThread.java:82) [na:1.8.0_45]
2021-11-19 21:30:18,367 [AWT-EventQueue-0] JP.co.esm.caddies.jomt.jcontrol.JudeToImageCommand <INFO> - file: D:\MATERIAIS DE AULA 2021\PROJETO INTEGRADOR\Diagramas\UseCase Diagram0.png
2021-11-19 22:38:03,910 [AWT-EventQueue-0] JP.co.esm.caddies.jomt.jsystem.k <INFO> - file: C:\Users\ACER\.astah\community\Jude.properties
2021-11-19 22:38:04,814 [AWT-EventQueue-0] JP.co.esm.caddies.jomt.jsystem.k <INFO> - file: C:\Users\ACER\.astah\community\Jude.properties
2021-11-19 22:38:06,936 [AWT-EventQueue-0] JP.co.esm.caddies.jomt.jutil.JomtUtilities2 <INFO> - file: C:\Users\ACER\.astah\community\astah_command.log
2021-11-19 22:38:07,239 [AWT-EventQueue-0] JP.co.esm.caddies.jomt.jutil.JomtUtilities2 <INFO> - file: C:\Users\ACER\.astah\community\astah_command.log
2022-05-03 16:49:56,362 [main] JP.co.esm.caddies.jomt.Jude <INFO> - #### === Community 7.0.0 / 846701 ==============================
2022-05-03 16:49:56,647 [main] JP.co.esm.caddies.jomt.Jude <INFO> - start program args []
2022-05-03 16:50:13,787 [main] JP.co.esm.caddies.jomt.Jude <INFO> - start vm args [-Xms16m, -Xmx512m, -Dsun.java2d.d3d=false]
2022-05-03 16:50:50,125 [AWT-EventQueue-0] JP.co.esm.caddies.jomt.jview.swing.f <INFO> - invalid value. x is negative. x:-32000, displayOriginX:0.0
2022-05-03 16:50:50,127 [AWT-EventQueue-0] JP.co.esm.caddies.jomt.jview.swing.f <INFO> - invalid value. y is negative. y:-32000, displayOriginY:0.0
2022-05-03 16:50:59,772 [Thread-5] JP.co.esm.caddies.jomt.jutil.U <INFO> - This is the latest version of Astah.
2022-05-03 16:51:09,640 [AWT-EventQueue-0] JP.co.esm.caddies.jomt.jutil.l <INFO> - stack=5m
