00:00:00.081871 main     VirtualBox COM Server 6.1.24 r145767 win.amd64 (Jul 16 2021 12:50:12) release log
00:00:00.082954 main     Log opened 2021-09-12T23:24:28.016672400Z
00:00:00.082959 main     Build Type: release
00:00:00.083007 main     OS Product: Windows 10
00:00:00.083013 main     OS Release: 10.0.19042
00:00:00.083015 main     OS Service Pack: 
00:00:00.224913 main     DMI Product Name: Aspire Z1-752
00:00:00.290714 main     DMI Product Version: 1.03
00:00:00.291646 main     Firmware type: UEFI
00:00:00.292585 main     Secure Boot: VERR_PRIVILEGE_NOT_HELD
00:00:00.312978 main     Host RAM: 4012MB (3.9GB) total, 1009MB available
00:00:00.313007 main     Executable: C:\Program Files\Oracle\VirtualBox\VBoxSVC.exe
00:00:00.313012 main     Process ID: 12548
00:00:00.313014 main     Package type: WINDOWS_64BITS_GENERIC
00:00:01.487826          VirtualBox: object creation starts
00:00:01.538649          Home directory: 'C:\Users\ACER\.VirtualBox'
00:00:01.557874          Installed Drivers:
00:00:01.681096            C:\WINDOWS\system32\DRIVERS\VBoxNetLwf.sys (Version: 6.1.24.45767)
00:00:01.698814            C:\WINDOWS\system32\DRIVERS\VBoxUSBMon.sys (Version: 6.1.24.45767)
00:00:01.726154            C:\WINDOWS\system32\DRIVERS\VBoxDrv.sys (Version: 6.1.24.45767)
00:00:01.776360            C:\WINDOWS\system32\DRIVERS\VBoxNetAdp6.sys (Version: 6.1.24.45767)
00:00:01.924421          Loading settings file "C:\Users\ACER\.VirtualBox\VirtualBox.xml" with version "1.12-windows"
00:00:02.013518          usbLibGetDevices: Starting USB device enumeration
00:00:02.042928          Getting USB descriptor (id 0) failed (dwErr=31) on hub USB#VID_05E3&PID_0608#5&3054858c&0&3#{f18a0e88-c30c-11d0-8815-00a0c906bed8} port 1
00:00:02.044393          Getting USB descriptor (id 0) failed (dwErr=31) on hub USB#VID_05E3&PID_0608#5&3054858c&0&3#{f18a0e88-c30c-11d0-8815-00a0c906bed8} port 3
00:00:02.073752          usbLibGetDevices: Found 5 USB devices, 0 captured
00:00:02.091686          USB: Unknown USB device detected (idVendor: 0x5986, idProduct: 0x053a)
00:00:03.377954 USBPROXY usbLibGetDevices: Starting USB device enumeration
00:00:03.387861 USBPROXY Getting USB descriptor (id 0) failed (dwErr=31) on hub USB#VID_05E3&PID_0608#5&3054858c&0&3#{f18a0e88-c30c-11d0-8815-00a0c906bed8} port 1
00:00:03.388617 USBPROXY Getting USB descriptor (id 0) failed (dwErr=31) on hub USB#VID_05E3&PID_0608#5&3054858c&0&3#{f18a0e88-c30c-11d0-8815-00a0c906bed8} port 3
00:00:03.394879 USBPROXY usbLibGetDevices: Found 5 USB devices, 0 captured
00:00:03.981306          netIfIsWireless: CreateFile on '\\.\{B874C0E6-A366-4869-B36D-B46B47AAA08C}' failed with rcWin=2 (0x2) - ignoring
00:00:03.993363          netIfIsWireless: CreateFile on '\\.\{90E4AAB4-DD66-4EDC-A8D3-1E82A8572147}' failed with rcWin=2 (0x2) - ignoring
00:00:03.996232          netIfIsWireless: CreateFile on '\\.\{DB3C4855-013C-4EAB-AA05-2A80ABD5F6E4}' failed with rcWin=2 (0x2) - ignoring
00:00:04.111591          HostDnsMonitor: initializing
00:00:04.155444          HostDnsMonitor: updating information
00:00:04.156501          HostDnsMonitor: old information
00:00:04.156507            no server entries
00:00:04.156509            no domain set
00:00:04.156510            no search string entries
00:00:04.156512          HostDnsMonitor: new information
00:00:04.156513            server 1: 192.168.4.1
00:00:04.156515            no domain set
00:00:04.156516            no search string entries
00:00:04.587003          VD: VDInit finished with VINF_SUCCESS
00:00:04.719404          Loading settings file "C:\Users\ACER\VirtualBox VMs\Willian-Geparted\Willian-Geparted.vbox" with version "1.16-windows"
00:00:04.786452          Loading settings file "C:\Users\ACER\VirtualBox VMs\Willian_Geparted_Prat-1\Willian_Geparted_Prat-1.vbox" with version "1.16-windows"
00:00:04.834267          Loading settings file "C:\Users\ACER\VirtualBox VMs\Willian_Ubuntu\Willian_Ubuntu.vbox" with version "1.16-windows"
00:00:04.881902          Loading settings file "C:\Users\ACER\VirtualBox VMs\Willian_Windows10\Willian_Windows10.vbox" with version "1.15-windows"
00:00:04.899943          VirtualBox: object created
00:00:40.986715          Saving settings file "C:\Users\ACER\.VirtualBox\VirtualBox.xml" with version "1.12-windows"
00:00:41.094964          Saving settings file "C:\Users\ACER\.VirtualBox\VirtualBox.xml" with version "1.12-windows"
00:01:05.619663          Launched VM: 66277536 pid: 8120 (0x1fb8) frontend: GUI/Qt name: Willian_Windows10
00:01:37.686227          ERROR [COM]: aRC=VBOX_E_OBJECT_NOT_FOUND (0x80bb0001) aIID={70401eef-c8e9-466b-9660-45cb3e9979e4} aComponent={ExtPackManagerWrap} aText={No extension pack by the name 'Oracle VM VirtualBox Extension Pack' was found}, preserve=false aResultDetail=0
00:01:38.945016          ERROR [COM]: aRC=VBOX_E_IPRT_ERROR (0x80bb0005) aIID={85632c68-b5bb-4316-a900-5eb28d3413df} aComponent={SessionMachine} aText={Saved screenshot data is not available (VERR_NOT_SUPPORTED)}, preserve=false aResultDetail=-37
00:01:40.220920          netIfIsWireless: CreateFile on '\\.\{B874C0E6-A366-4869-B36D-B46B47AAA08C}' failed with rcWin=2 (0x2) - ignoring
00:01:40.225033          netIfIsWireless: CreateFile on '\\.\{90E4AAB4-DD66-4EDC-A8D3-1E82A8572147}' failed with rcWin=2 (0x2) - ignoring
00:01:40.226695          netIfIsWireless: CreateFile on '\\.\{DB3C4855-013C-4EAB-AA05-2A80ABD5F6E4}' failed with rcWin=2 (0x2) - ignoring
00:17:59.130551          Saving settings file "C:\Users\ACER\VirtualBox VMs\Willian_Windows10\Willian_Windows10.vbox" with version "1.15-windows"
00:18:02.870291          Saving settings file "C:\Users\ACER\VirtualBox VMs\Willian_Windows10\Willian_Windows10.vbox" with version "1.15-windows"
00:18:08.285254          Saving settings file "C:\Users\ACER\.VirtualBox\VirtualBox.xml" with version "1.12-windows"
00:18:08.883884          Saving settings file "C:\Users\ACER\.VirtualBox\VirtualBox.xml" with version "1.12-windows"
00:18:11.812578          Saving settings file "C:\Users\ACER\.VirtualBox\VirtualBox.xml" with version "1.12-windows"
00:18:12.006858          Saving settings file "C:\Users\ACER\.VirtualBox\VirtualBox.xml" with version "1.12-windows"
00:18:23.289882 main     VirtualBox: object deletion starts
00:18:23.384057 main     ERROR [COM]: aRC=VBOX_E_OBJECT_IN_USE (0x80bb000c) aIID={ad47ad09-787b-44ab-b343-a082a3f2dfb1} aComponent={MediumWrap} aText={Medium 'C:\Users\ACER\VirtualBox VMs\Willian-Geparted\Willian-Geparted.vdi' cannot be closed because it is still attached to 1 virtual machines}, preserve=false aResultDetail=0
00:18:23.714727 main     ERROR [COM]: aRC=VBOX_E_OBJECT_IN_USE (0x80bb000c) aIID={ad47ad09-787b-44ab-b343-a082a3f2dfb1} aComponent={MediumWrap} aText={Medium 'C:\Users\ACER\VirtualBox VMs\Willian_Geparted_Prat-1\Willian_Geparted_Prat-1.vdi' cannot be closed because it is still attached to 1 virtual machines}, preserve=false aResultDetail=0
00:18:23.726996 main     ERROR [COM]: aRC=VBOX_E_OBJECT_IN_USE (0x80bb000c) aIID={ad47ad09-787b-44ab-b343-a082a3f2dfb1} aComponent={MediumWrap} aText={Medium 'C:\Users\ACER\VirtualBox VMs\Willian_Ubuntu\Willian_Ubuntu.vdi' cannot be closed because it is still attached to 1 virtual machines}, preserve=false aResultDetail=0
00:18:23.733851 main     ERROR [COM]: aRC=VBOX_E_OBJECT_IN_USE (0x80bb000c) aIID={ad47ad09-787b-44ab-b343-a082a3f2dfb1} aComponent={MediumWrap} aText={Medium 'C:\Users\ACER\VirtualBox VMs\Willian_Windows10\Willian_Windows10.vdi' cannot be closed because it is still attached to 1 virtual machines}, preserve=false aResultDetail=0
00:18:23.790867 main     HostDnsMonitor: shutting down ...
00:18:23.812126 main     HostDnsMonitor: shut down
00:18:23.856530 Watcher  ERROR [COM]: aRC=E_ACCESSDENIED (0x80070005) aIID={d0a0163f-e254-4e5b-a1f2-011cf991c38d} aComponent={VirtualBoxWrap} aText={The object is not ready}, preserve=false aResultDetail=0
00:18:23.870145 main     VirtualBox: object deleted
